2025-03-05 12:50:24,245 INFO o.h.v.i.u.Version [background-preinit] HV000001: Hibernate Validator 8.0.1.Final
2025-03-05 12:50:24,268 INFO o.s.b.StartupInfoLogger [main] Starting CandidateServiceApplicationTests using Java 17.0.12 with PID 17760 (started by Pushkar Latkar in C:\XseedAi\xseedaibackend\CandidateService)
2025-03-05 12:50:24,270 DEBUG o.s.b.StartupInfoLogger [main] Running with Spring Boot v3.1.3, Spring v6.0.11
2025-03-05 12:50:24,271 INFO o.s.b.SpringApplication [main] The following 1 profile is active: "dev"
2025-03-05 12:50:25,275 INFO o.s.d.r.c.RepositoryConfigurationDelegate [main] Bootstrapping Spring Data MongoDB repositories in DEFAULT mode.
2025-03-05 12:50:25,355 INFO o.s.d.r.c.RepositoryConfigurationDelegate [main] Finished Spring Data repository scanning in 75 ms. Found 5 MongoDB repository interfaces.
2025-03-05 12:50:26,011 INFO c.m.i.d.l.SLF4JLogger [main] MongoClient with metadata {"driver": {"name": "mongo-java-driver|sync|spring-boot", "version": "4.9.1"}, "os": {"type": "Windows", "name": "Windows 11", "architecture": "amd64", "version": "10.0"}, "platform": "Java/Oracle Corporation/17.0.12+8-LTS-286"} created with settings MongoClientSettings{readPreference=primary, writeConcern=WriteConcern{w=null, wTimeout=null ms, journal=null}, retryWrites=true, retryReads=true, readConcern=ReadConcern{level=null}, credential=null, streamFactoryFactory=null, commandListeners=[], codecRegistry=ProvidersCodecRegistry{codecProviders=[ValueCodecProvider{}, BsonValueCodecProvider{}, DBRefCodecProvider{}, DBObjectCodecProvider{}, DocumentCodecProvider{}, CollectionCodecProvider{}, IterableCodecProvider{}, MapCodecProvider{}, GeoJsonCodecProvider{}, GridFSFileCodecProvider{}, Jsr310CodecProvider{}, JsonObjectCodecProvider{}, BsonCodecProvider{}, EnumCodecProvider{}, com.mongodb.client.model.mql.ExpressionCodecProvider@77d4ac52, com.mongodb.Jep395RecordCodecProvider@29f38091]}, loggerSettings=LoggerSettings{maxDocumentLength=1000}, clusterSettings={hosts=[localhost:27017], srvServiceName=mongodb, mode=SINGLE, requiredClusterType=UNKNOWN, requiredReplicaSetName='null', serverSelector='null', clusterListeners='[]', serverSelectionTimeout='30000 ms', localThreshold='30000 ms'}, socketSettings=SocketSettings{connectTimeoutMS=10000, readTimeoutMS=0, receiveBufferSize=0, sendBufferSize=0}, heartbeatSocketSettings=SocketSettings{connectTimeoutMS=10000, readTimeoutMS=10000, receiveBufferSize=0, sendBufferSize=0}, connectionPoolSettings=ConnectionPoolSettings{maxSize=100, minSize=0, maxWaitTimeMS=120000, maxConnectionLifeTimeMS=0, maxConnectionIdleTimeMS=0, maintenanceInitialDelayMS=0, maintenanceFrequencyMS=60000, connectionPoolListeners=[], maxConnecting=2}, serverSettings=ServerSettings{heartbeatFrequencyMS=10000, minHeartbeatFrequencyMS=500, serverListeners='[]', serverMonitorListeners='[]'}, sslSettings=SslSettings{enabled=false, invalidHostNameAllowed=false, context=null}, applicationName='null', compressorList=[], uuidRepresentation=JAVA_LEGACY, serverApi=null, autoEncryptionSettings=null, contextProvider=null}
2025-03-05 12:50:26,050 INFO c.m.i.d.l.SLF4JLogger [cluster-ClusterId{value='67c7fb391313cf727dd2ebd4', description='null'}-localhost:27017] Monitor thread successfully connected to server with description ServerDescription{address=localhost:27017, type=STANDALONE, state=CONNECTED, ok=true, minWireVersion=0, maxWireVersion=25, maxDocumentSize=16777216, logicalSessionTimeoutMinutes=30, roundTripTimeNanos=29118000}
2025-03-05 12:50:27,643 INFO o.s.b.StartupInfoLogger [main] Started CandidateServiceApplicationTests in 3.806 seconds (process running for 5.456)
2025-03-05 19:51:38,549 INFO o.h.v.i.u.Version [background-preinit] HV000001: Hibernate Validator 8.0.1.Final
2025-03-05 19:51:38,593 INFO o.s.b.StartupInfoLogger [main] Starting CandidateServiceApplication using Java 17.0.12 with PID 14100 (C:\XseedAi\xseedaibackend\CandidateService\target\classes started by Pushkar Latkar in C:\XseedAi\xseedaibackend\CandidateService)
2025-03-05 19:51:38,594 DEBUG o.s.b.StartupInfoLogger [main] Running with Spring Boot v3.1.3, Spring v6.0.11
2025-03-05 19:51:38,594 INFO o.s.b.SpringApplication [main] The following 1 profile is active: "dev"
2025-03-05 19:51:39,054 INFO o.s.d.r.c.RepositoryConfigurationDelegate [main] Bootstrapping Spring Data MongoDB repositories in DEFAULT mode.
2025-03-05 19:51:39,105 INFO o.s.d.r.c.RepositoryConfigurationDelegate [main] Finished Spring Data repository scanning in 48 ms. Found 5 MongoDB repository interfaces.
2025-03-05 19:51:39,376 INFO o.s.b.w.e.t.TomcatWebServer [main] Tomcat initialized with port(s): 8080 (http)
2025-03-05 19:51:39,381 INFO o.a.j.l.DirectJDKLog [main] Initializing ProtocolHandler ["http-nio-8080"]
2025-03-05 19:51:39,382 INFO o.a.j.l.DirectJDKLog [main] Starting service [Tomcat]
2025-03-05 19:51:39,383 INFO o.a.j.l.DirectJDKLog [main] Starting Servlet engine: [Apache Tomcat/10.1.12]
2025-03-05 19:51:39,450 INFO o.a.j.l.DirectJDKLog [main] Initializing Spring embedded WebApplicationContext
2025-03-05 19:51:39,450 INFO o.s.b.w.s.c.ServletWebServerApplicationContext [main] Root WebApplicationContext: initialization completed in 814 ms
2025-03-05 19:51:39,620 INFO c.m.i.d.l.SLF4JLogger [main] MongoClient with metadata {"driver": {"name": "mongo-java-driver|sync|spring-boot", "version": "4.9.1"}, "os": {"type": "Windows", "name": "Windows 11", "architecture": "amd64", "version": "10.0"}, "platform": "Java/Oracle Corporation/17.0.12+8-LTS-286"} created with settings MongoClientSettings{readPreference=primary, writeConcern=WriteConcern{w=null, wTimeout=null ms, journal=null}, retryWrites=true, retryReads=true, readConcern=ReadConcern{level=null}, credential=null, streamFactoryFactory=null, commandListeners=[], codecRegistry=ProvidersCodecRegistry{codecProviders=[ValueCodecProvider{}, BsonValueCodecProvider{}, DBRefCodecProvider{}, DBObjectCodecProvider{}, DocumentCodecProvider{}, CollectionCodecProvider{}, IterableCodecProvider{}, MapCodecProvider{}, GeoJsonCodecProvider{}, GridFSFileCodecProvider{}, Jsr310CodecProvider{}, JsonObjectCodecProvider{}, BsonCodecProvider{}, EnumCodecProvider{}, com.mongodb.client.model.mql.ExpressionCodecProvider@707ca986, com.mongodb.Jep395RecordCodecProvider@4de79b7d]}, loggerSettings=LoggerSettings{maxDocumentLength=1000}, clusterSettings={hosts=[localhost:27017], srvServiceName=mongodb, mode=SINGLE, requiredClusterType=UNKNOWN, requiredReplicaSetName='null', serverSelector='null', clusterListeners='[]', serverSelectionTimeout='30000 ms', localThreshold='30000 ms'}, socketSettings=SocketSettings{connectTimeoutMS=10000, readTimeoutMS=0, receiveBufferSize=0, sendBufferSize=0}, heartbeatSocketSettings=SocketSettings{connectTimeoutMS=10000, readTimeoutMS=10000, receiveBufferSize=0, sendBufferSize=0}, connectionPoolSettings=ConnectionPoolSettings{maxSize=100, minSize=0, maxWaitTimeMS=120000, maxConnectionLifeTimeMS=0, maxConnectionIdleTimeMS=0, maintenanceInitialDelayMS=0, maintenanceFrequencyMS=60000, connectionPoolListeners=[], maxConnecting=2}, serverSettings=ServerSettings{heartbeatFrequencyMS=10000, minHeartbeatFrequencyMS=500, serverListeners='[]', serverMonitorListeners='[]'}, sslSettings=SslSettings{enabled=false, invalidHostNameAllowed=false, context=null}, applicationName='null', compressorList=[], uuidRepresentation=JAVA_LEGACY, serverApi=null, autoEncryptionSettings=null, contextProvider=null}
2025-03-05 19:51:39,657 INFO c.m.i.d.l.SLF4JLogger [cluster-ClusterId{value='67c85df317eae469f7fb45c3', description='null'}-localhost:27017] Monitor thread successfully connected to server with description ServerDescription{address=localhost:27017, type=STANDALONE, state=CONNECTED, ok=true, minWireVersion=0, maxWireVersion=25, maxDocumentSize=16777216, logicalSessionTimeoutMinutes=30, roundTripTimeNanos=37096000}
2025-03-05 19:51:40,135 INFO o.a.j.l.DirectJDKLog [main] Starting ProtocolHandler ["http-nio-8080"]
2025-03-05 19:51:40,138 WARN o.s.c.s.AbstractApplicationContext [main] Exception encountered during context initialization - cancelling refresh attempt: org.springframework.context.ApplicationContextException: Failed to start bean 'webServerStartStop'
2025-03-05 19:51:40,143 INFO o.a.j.l.DirectJDKLog [main] Pausing ProtocolHandler ["http-nio-8080"]
2025-03-05 19:51:40,144 INFO o.a.j.l.DirectJDKLog [main] Stopping service [Tomcat]
2025-03-05 19:51:40,149 INFO o.a.j.l.DirectJDKLog [main] Stopping ProtocolHandler ["http-nio-8080"]
2025-03-05 19:51:40,150 INFO o.a.j.l.DirectJDKLog [main] Destroying ProtocolHandler ["http-nio-8080"]
2025-03-05 19:51:40,155 INFO o.s.b.a.l.ConditionEvaluationReportLogger [main] 

Error starting ApplicationContext. To display the condition evaluation report re-run your application with 'debug' enabled.
2025-03-05 19:51:40,171 ERROR o.s.b.d.LoggingFailureAnalysisReporter [main] 

***************************
APPLICATION FAILED TO START
***************************

Description:

Web server failed to start. Port 8080 was already in use.

Action:

Identify and stop the process that's listening on port 8080 or configure this application to listen on another port.

2025-03-05 19:54:18,441 INFO o.h.v.i.u.Version [background-preinit] HV000001: Hibernate Validator 8.0.1.Final
2025-03-05 19:54:18,480 INFO o.s.b.StartupInfoLogger [main] Starting CandidateServiceApplication using Java 17.0.12 with PID 18336 (C:\XseedAi\xseedaibackend\CandidateService\target\classes started by Pushkar Latkar in C:\XseedAi\xseedaibackend\CandidateService)
2025-03-05 19:54:18,480 DEBUG o.s.b.StartupInfoLogger [main] Running with Spring Boot v3.1.3, Spring v6.0.11
2025-03-05 19:54:18,481 INFO o.s.b.SpringApplication [main] The following 1 profile is active: "dev"
2025-03-05 19:54:18,887 INFO o.s.d.r.c.RepositoryConfigurationDelegate [main] Bootstrapping Spring Data MongoDB repositories in DEFAULT mode.
2025-03-05 19:54:18,938 INFO o.s.d.r.c.RepositoryConfigurationDelegate [main] Finished Spring Data repository scanning in 47 ms. Found 5 MongoDB repository interfaces.
2025-03-05 19:54:19,201 INFO o.s.b.w.e.t.TomcatWebServer [main] Tomcat initialized with port(s): 8083 (http)
2025-03-05 19:54:19,206 INFO o.a.j.l.DirectJDKLog [main] Initializing ProtocolHandler ["http-nio-8083"]
2025-03-05 19:54:19,207 INFO o.a.j.l.DirectJDKLog [main] Starting service [Tomcat]
2025-03-05 19:54:19,207 INFO o.a.j.l.DirectJDKLog [main] Starting Servlet engine: [Apache Tomcat/10.1.12]
2025-03-05 19:54:19,297 INFO o.a.j.l.DirectJDKLog [main] Initializing Spring embedded WebApplicationContext
2025-03-05 19:54:19,297 INFO o.s.b.w.s.c.ServletWebServerApplicationContext [main] Root WebApplicationContext: initialization completed in 777 ms
2025-03-05 19:54:19,429 INFO c.m.i.d.l.SLF4JLogger [main] MongoClient with metadata {"driver": {"name": "mongo-java-driver|sync|spring-boot", "version": "4.9.1"}, "os": {"type": "Windows", "name": "Windows 11", "architecture": "amd64", "version": "10.0"}, "platform": "Java/Oracle Corporation/17.0.12+8-LTS-286"} created with settings MongoClientSettings{readPreference=primary, writeConcern=WriteConcern{w=null, wTimeout=null ms, journal=null}, retryWrites=true, retryReads=true, readConcern=ReadConcern{level=null}, credential=null, streamFactoryFactory=null, commandListeners=[], codecRegistry=ProvidersCodecRegistry{codecProviders=[ValueCodecProvider{}, BsonValueCodecProvider{}, DBRefCodecProvider{}, DBObjectCodecProvider{}, DocumentCodecProvider{}, CollectionCodecProvider{}, IterableCodecProvider{}, MapCodecProvider{}, GeoJsonCodecProvider{}, GridFSFileCodecProvider{}, Jsr310CodecProvider{}, JsonObjectCodecProvider{}, BsonCodecProvider{}, EnumCodecProvider{}, com.mongodb.client.model.mql.ExpressionCodecProvider@5e26f1ed, com.mongodb.Jep395RecordCodecProvider@39666e42]}, loggerSettings=LoggerSettings{maxDocumentLength=1000}, clusterSettings={hosts=[localhost:27017], srvServiceName=mongodb, mode=SINGLE, requiredClusterType=UNKNOWN, requiredReplicaSetName='null', serverSelector='null', clusterListeners='[]', serverSelectionTimeout='30000 ms', localThreshold='30000 ms'}, socketSettings=SocketSettings{connectTimeoutMS=10000, readTimeoutMS=0, receiveBufferSize=0, sendBufferSize=0}, heartbeatSocketSettings=SocketSettings{connectTimeoutMS=10000, readTimeoutMS=10000, receiveBufferSize=0, sendBufferSize=0}, connectionPoolSettings=ConnectionPoolSettings{maxSize=100, minSize=0, maxWaitTimeMS=120000, maxConnectionLifeTimeMS=0, maxConnectionIdleTimeMS=0, maintenanceInitialDelayMS=0, maintenanceFrequencyMS=60000, connectionPoolListeners=[], maxConnecting=2}, serverSettings=ServerSettings{heartbeatFrequencyMS=10000, minHeartbeatFrequencyMS=500, serverListeners='[]', serverMonitorListeners='[]'}, sslSettings=SslSettings{enabled=false, invalidHostNameAllowed=false, context=null}, applicationName='null', compressorList=[], uuidRepresentation=JAVA_LEGACY, serverApi=null, autoEncryptionSettings=null, contextProvider=null}
2025-03-05 19:54:19,445 INFO c.m.i.d.l.SLF4JLogger [cluster-ClusterId{value='67c85e938501e70f5fb50d77', description='null'}-localhost:27017] Monitor thread successfully connected to server with description ServerDescription{address=localhost:27017, type=STANDALONE, state=CONNECTED, ok=true, minWireVersion=0, maxWireVersion=25, maxDocumentSize=16777216, logicalSessionTimeoutMinutes=30, roundTripTimeNanos=17263800}
2025-03-05 19:54:19,855 INFO o.a.j.l.DirectJDKLog [main] Starting ProtocolHandler ["http-nio-8083"]
2025-03-05 19:54:19,872 INFO o.s.b.w.e.t.TomcatWebServer [main] Tomcat started on port(s): 8083 (http) with context path '/recruiter'
2025-03-05 19:54:19,876 INFO o.s.b.StartupInfoLogger [main] Started CandidateServiceApplication in 1.756 seconds (process running for 2.146)
2025-03-05 19:57:39,171 INFO o.s.b.a.SpringApplicationAdminMXBeanRegistrar$SpringApplicationAdmin [RMI TCP Connection(8)-127.0.0.1] Application shutdown requested.
2025-03-05 19:57:39,186 INFO o.a.j.l.DirectJDKLog [RMI TCP Connection(8)-127.0.0.1] Pausing ProtocolHandler ["http-nio-8083"]
2025-03-05 19:57:39,186 INFO o.a.j.l.DirectJDKLog [RMI TCP Connection(8)-127.0.0.1] Stopping service [Tomcat]
2025-03-05 19:57:39,191 INFO o.a.j.l.DirectJDKLog [RMI TCP Connection(8)-127.0.0.1] Stopping ProtocolHandler ["http-nio-8083"]
2025-03-05 19:57:39,193 INFO o.a.j.l.DirectJDKLog [RMI TCP Connection(8)-127.0.0.1] Destroying ProtocolHandler ["http-nio-8083"]
2025-03-05 19:57:49,344 INFO o.h.v.i.u.Version [background-preinit] HV000001: Hibernate Validator 8.0.1.Final
2025-03-05 19:57:49,380 INFO o.s.b.StartupInfoLogger [main] Starting CandidateServiceApplication using Java 17.0.12 with PID 8036 (C:\XseedAi\xseedaibackend\CandidateService\target\classes started by Pushkar Latkar in C:\XseedAi\xseedaibackend\CandidateService)
2025-03-05 19:57:49,381 DEBUG o.s.b.StartupInfoLogger [main] Running with Spring Boot v3.1.3, Spring v6.0.11
2025-03-05 19:57:49,382 INFO o.s.b.SpringApplication [main] The following 1 profile is active: "dev"
2025-03-05 19:57:49,788 INFO o.s.d.r.c.RepositoryConfigurationDelegate [main] Bootstrapping Spring Data MongoDB repositories in DEFAULT mode.
2025-03-05 19:57:49,835 INFO o.s.d.r.c.RepositoryConfigurationDelegate [main] Finished Spring Data repository scanning in 43 ms. Found 5 MongoDB repository interfaces.
2025-03-05 19:57:50,086 INFO o.s.b.w.e.t.TomcatWebServer [main] Tomcat initialized with port(s): 8083 (http)
2025-03-05 19:57:50,092 INFO o.a.j.l.DirectJDKLog [main] Initializing ProtocolHandler ["http-nio-8083"]
2025-03-05 19:57:50,093 INFO o.a.j.l.DirectJDKLog [main] Starting service [Tomcat]
2025-03-05 19:57:50,093 INFO o.a.j.l.DirectJDKLog [main] Starting Servlet engine: [Apache Tomcat/10.1.12]
2025-03-05 19:57:50,156 INFO o.a.j.l.DirectJDKLog [main] Initializing Spring embedded WebApplicationContext
2025-03-05 19:57:50,157 INFO o.s.b.w.s.c.ServletWebServerApplicationContext [main] Root WebApplicationContext: initialization completed in 740 ms
2025-03-05 19:57:50,276 INFO c.m.i.d.l.SLF4JLogger [main] MongoClient with metadata {"driver": {"name": "mongo-java-driver|sync|spring-boot", "version": "4.9.1"}, "os": {"type": "Windows", "name": "Windows 11", "architecture": "amd64", "version": "10.0"}, "platform": "Java/Oracle Corporation/17.0.12+8-LTS-286"} created with settings MongoClientSettings{readPreference=primary, writeConcern=WriteConcern{w=null, wTimeout=null ms, journal=null}, retryWrites=true, retryReads=true, readConcern=ReadConcern{level=null}, credential=null, streamFactoryFactory=null, commandListeners=[], codecRegistry=ProvidersCodecRegistry{codecProviders=[ValueCodecProvider{}, BsonValueCodecProvider{}, DBRefCodecProvider{}, DBObjectCodecProvider{}, DocumentCodecProvider{}, CollectionCodecProvider{}, IterableCodecProvider{}, MapCodecProvider{}, GeoJsonCodecProvider{}, GridFSFileCodecProvider{}, Jsr310CodecProvider{}, JsonObjectCodecProvider{}, BsonCodecProvider{}, EnumCodecProvider{}, com.mongodb.client.model.mql.ExpressionCodecProvider@5856dbe4, com.mongodb.Jep395RecordCodecProvider@7e15f4d4]}, loggerSettings=LoggerSettings{maxDocumentLength=1000}, clusterSettings={hosts=[localhost:27017], srvServiceName=mongodb, mode=SINGLE, requiredClusterType=UNKNOWN, requiredReplicaSetName='null', serverSelector='null', clusterListeners='[]', serverSelectionTimeout='30000 ms', localThreshold='30000 ms'}, socketSettings=SocketSettings{connectTimeoutMS=10000, readTimeoutMS=0, receiveBufferSize=0, sendBufferSize=0}, heartbeatSocketSettings=SocketSettings{connectTimeoutMS=10000, readTimeoutMS=10000, receiveBufferSize=0, sendBufferSize=0}, connectionPoolSettings=ConnectionPoolSettings{maxSize=100, minSize=0, maxWaitTimeMS=120000, maxConnectionLifeTimeMS=0, maxConnectionIdleTimeMS=0, maintenanceInitialDelayMS=0, maintenanceFrequencyMS=60000, connectionPoolListeners=[], maxConnecting=2}, serverSettings=ServerSettings{heartbeatFrequencyMS=10000, minHeartbeatFrequencyMS=500, serverListeners='[]', serverMonitorListeners='[]'}, sslSettings=SslSettings{enabled=false, invalidHostNameAllowed=false, context=null}, applicationName='null', compressorList=[], uuidRepresentation=JAVA_LEGACY, serverApi=null, autoEncryptionSettings=null, contextProvider=null}
2025-03-05 19:57:50,291 INFO c.m.i.d.l.SLF4JLogger [cluster-ClusterId{value='67c85f666625a475ce62af23', description='null'}-localhost:27017] Monitor thread successfully connected to server with description ServerDescription{address=localhost:27017, type=STANDALONE, state=CONNECTED, ok=true, minWireVersion=0, maxWireVersion=25, maxDocumentSize=16777216, logicalSessionTimeoutMinutes=30, roundTripTimeNanos=17635400}
2025-03-05 19:57:50,699 INFO o.a.j.l.DirectJDKLog [main] Starting ProtocolHandler ["http-nio-8083"]
2025-03-05 19:57:50,716 INFO o.s.b.w.e.t.TomcatWebServer [main] Tomcat started on port(s): 8083 (http) with context path '/candidate'
2025-03-05 19:57:50,721 INFO o.s.b.StartupInfoLogger [main] Started CandidateServiceApplication in 1.69 seconds (process running for 2.092)
2025-03-05 19:58:16,157 INFO o.a.j.l.DirectJDKLog [http-nio-8083-exec-3] Initializing Spring DispatcherServlet 'dispatcherServlet'
2025-03-05 19:58:16,157 INFO o.s.w.s.FrameworkServlet [http-nio-8083-exec-3] Initializing Servlet 'dispatcherServlet'
2025-03-05 19:58:16,159 INFO o.s.w.s.FrameworkServlet [http-nio-8083-exec-3] Completed initialization in 1 ms
2025-03-05 19:58:16,195 INFO c.t.c.c.CandidateController [http-nio-8083-exec-3] Inside Candidate Controller
2025-03-05 19:58:16,195 INFO c.t.c.c.CandidateController [http-nio-8083-exec-3] Inside getAllCandidates API
2025-03-05 19:58:16,195 INFO c.t.c.s.CandidateServiceImpl [http-nio-8083-exec-3] Inside getAllCandidates()
2025-03-05 19:58:16,196 INFO c.t.c.s.CandidateServiceImpl [http-nio-8083-exec-3] Fetching candidate list...
2025-03-05 20:00:36,882 INFO c.t.c.c.CandidateController [http-nio-8083-exec-7] Inside Candidate Controller
2025-03-05 20:00:36,883 INFO c.t.c.c.CandidateController [http-nio-8083-exec-7] Inside getCandidateDetails API
2025-03-05 20:00:36,884 INFO c.t.c.s.CandidateServiceImpl [http-nio-8083-exec-7] Inside getCandidateDetails()
2025-03-05 20:00:36,885 INFO c.t.c.s.CandidateServiceImpl [http-nio-8083-exec-7] Fetching candidate for Id{}:4
2025-03-05 20:05:45,512 INFO o.s.b.a.SpringApplicationAdminMXBeanRegistrar$SpringApplicationAdmin [RMI TCP Connection(11)-127.0.0.1] Application shutdown requested.
2025-03-05 20:05:45,539 INFO o.a.j.l.DirectJDKLog [RMI TCP Connection(11)-127.0.0.1] Pausing ProtocolHandler ["http-nio-8083"]
2025-03-05 20:05:45,540 INFO o.a.j.l.DirectJDKLog [RMI TCP Connection(11)-127.0.0.1] Stopping service [Tomcat]
2025-03-05 20:05:45,542 INFO o.a.j.l.DirectJDKLog [RMI TCP Connection(11)-127.0.0.1] Destroying Spring FrameworkServlet 'dispatcherServlet'
2025-03-05 20:05:45,551 INFO o.a.j.l.DirectJDKLog [RMI TCP Connection(11)-127.0.0.1] Stopping ProtocolHandler ["http-nio-8083"]
2025-03-05 20:05:45,555 INFO o.a.j.l.DirectJDKLog [RMI TCP Connection(11)-127.0.0.1] Destroying ProtocolHandler ["http-nio-8083"]
