2025-03-03 18:25:07,259 INFO o.h.v.i.u.Version [background-preinit] HV000001: Hibernate Validator 8.0.1.Final
2025-03-03 18:25:07,295 INFO o.s.b.StartupInfoLogger [main] Starting CandidateServiceApplication using Java 17.0.12 with PID 5600 (C:\XseedAi\CandidateService\target\classes started by Pushkar Latkar in C:\XseedAi\CandidateService)
2025-03-03 18:25:07,296 DEBUG o.s.b.StartupInfoLogger [main] Running with Spring Boot v3.1.3, Spring v6.0.11
2025-03-03 18:25:07,297 INFO o.s.b.SpringApplication [main] The following 1 profile is active: "dev"
2025-03-03 18:25:07,802 INFO o.s.d.r.c.RepositoryConfigurationDelegate [main] Bootstrapping Spring Data MongoDB repositories in DEFAULT mode.
2025-03-03 18:25:07,855 INFO o.s.d.r.c.RepositoryConfigurationDelegate [main] Finished Spring Data repository scanning in 48 ms. Found 5 MongoDB repository interfaces.
2025-03-03 18:25:08,128 INFO o.s.b.w.e.t.TomcatWebServer [main] Tomcat initialized with port(s): 8080 (http)
2025-03-03 18:25:08,134 INFO o.a.j.l.DirectJDKLog [main] Initializing ProtocolHandler ["http-nio-8080"]
2025-03-03 18:25:08,136 INFO o.a.j.l.DirectJDKLog [main] Starting service [Tomcat]
2025-03-03 18:25:08,136 INFO o.a.j.l.DirectJDKLog [main] Starting Servlet engine: [Apache Tomcat/10.1.12]
2025-03-03 18:25:08,241 INFO o.a.j.l.DirectJDKLog [main] Initializing Spring embedded WebApplicationContext
2025-03-03 18:25:08,241 INFO o.s.b.w.s.c.ServletWebServerApplicationContext [main] Root WebApplicationContext: initialization completed in 912 ms
2025-03-03 18:25:08,368 INFO c.m.i.d.l.SLF4JLogger [main] MongoClient with metadata {"driver": {"name": "mongo-java-driver|sync|spring-boot", "version": "4.9.1"}, "os": {"type": "Windows", "name": "Windows 11", "architecture": "amd64", "version": "10.0"}, "platform": "Java/Oracle Corporation/17.0.12+8-LTS-286"} created with settings MongoClientSettings{readPreference=primary, writeConcern=WriteConcern{w=null, wTimeout=null ms, journal=null}, retryWrites=true, retryReads=true, readConcern=ReadConcern{level=null}, credential=null, streamFactoryFactory=null, commandListeners=[], codecRegistry=ProvidersCodecRegistry{codecProviders=[ValueCodecProvider{}, BsonValueCodecProvider{}, DBRefCodecProvider{}, DBObjectCodecProvider{}, DocumentCodecProvider{}, CollectionCodecProvider{}, IterableCodecProvider{}, MapCodecProvider{}, GeoJsonCodecProvider{}, GridFSFileCodecProvider{}, Jsr310CodecProvider{}, JsonObjectCodecProvider{}, BsonCodecProvider{}, EnumCodecProvider{}, com.mongodb.client.model.mql.ExpressionCodecProvider@733c464f, com.mongodb.Jep395RecordCodecProvider@47272cd3]}, loggerSettings=LoggerSettings{maxDocumentLength=1000}, clusterSettings={hosts=[localhost:27017], srvServiceName=mongodb, mode=SINGLE, requiredClusterType=UNKNOWN, requiredReplicaSetName='null', serverSelector='null', clusterListeners='[]', serverSelectionTimeout='30000 ms', localThreshold='30000 ms'}, socketSettings=SocketSettings{connectTimeoutMS=10000, readTimeoutMS=0, receiveBufferSize=0, sendBufferSize=0}, heartbeatSocketSettings=SocketSettings{connectTimeoutMS=10000, readTimeoutMS=10000, receiveBufferSize=0, sendBufferSize=0}, connectionPoolSettings=ConnectionPoolSettings{maxSize=100, minSize=0, maxWaitTimeMS=120000, maxConnectionLifeTimeMS=0, maxConnectionIdleTimeMS=0, maintenanceInitialDelayMS=0, maintenanceFrequencyMS=60000, connectionPoolListeners=[], maxConnecting=2}, serverSettings=ServerSettings{heartbeatFrequencyMS=10000, minHeartbeatFrequencyMS=500, serverListeners='[]', serverMonitorListeners='[]'}, sslSettings=SslSettings{enabled=false, invalidHostNameAllowed=false, context=null}, applicationName='null', compressorList=[], uuidRepresentation=JAVA_LEGACY, serverApi=null, autoEncryptionSettings=null, contextProvider=null}
2025-03-03 18:25:08,386 INFO c.m.i.d.l.SLF4JLogger [cluster-ClusterId{value='67c5a6ac69316c72edadd661', description='null'}-localhost:27017] Monitor thread successfully connected to server with description ServerDescription{address=localhost:27017, type=STANDALONE, state=CONNECTED, ok=true, minWireVersion=0, maxWireVersion=25, maxDocumentSize=16777216, logicalSessionTimeoutMinutes=30, roundTripTimeNanos=18100900}
2025-03-03 18:25:08,802 INFO o.a.j.l.DirectJDKLog [main] Starting ProtocolHandler ["http-nio-8080"]
2025-03-03 18:25:08,825 INFO o.s.b.w.e.t.TomcatWebServer [main] Tomcat started on port(s): 8080 (http) with context path ''
2025-03-03 18:25:08,832 INFO o.s.b.StartupInfoLogger [main] Started CandidateServiceApplication in 1.929 seconds (process running for 2.338)
2025-03-03 18:25:41,734 INFO o.a.j.l.DirectJDKLog [http-nio-8080-exec-2] Initializing Spring DispatcherServlet 'dispatcherServlet'
2025-03-03 18:25:41,735 INFO o.s.w.s.FrameworkServlet [http-nio-8080-exec-2] Initializing Servlet 'dispatcherServlet'
2025-03-03 18:25:41,737 INFO o.s.w.s.FrameworkServlet [http-nio-8080-exec-2] Completed initialization in 1 ms
2025-03-03 18:33:57,508 INFO c.t.c.c.CandidateController [http-nio-8080-exec-5] Inside Candidate Controller
2025-03-03 18:33:57,509 INFO c.t.c.c.CandidateController [http-nio-8080-exec-5] Inside registerCandidate API
2025-03-03 18:33:57,509 INFO c.t.c.s.CandidateServiceImpl [http-nio-8080-exec-5] Inside registerCandidate()
2025-03-03 18:33:57,510 INFO c.t.c.s.CandidateServiceImpl [http-nio-8080-exec-5] Registering the Candidate :Pushkar Latkar
2025-03-03 18:34:03,763 INFO c.t.c.c.CandidateController [http-nio-8080-exec-6] Inside Candidate Controller
2025-03-03 18:34:03,764 INFO c.t.c.c.CandidateController [http-nio-8080-exec-6] Inside registerCandidate API
2025-03-03 18:34:03,764 INFO c.t.c.s.CandidateServiceImpl [http-nio-8080-exec-6] Inside registerCandidate()
2025-03-03 18:34:03,764 INFO c.t.c.s.CandidateServiceImpl [http-nio-8080-exec-6] Registering the Candidate :Pushkar Latkar
2025-03-03 18:55:29,088 INFO o.s.b.a.SpringApplicationAdminMXBeanRegistrar$SpringApplicationAdmin [RMI TCP Connection(32)-127.0.0.1] Application shutdown requested.
2025-03-03 18:55:29,122 INFO o.a.j.l.DirectJDKLog [RMI TCP Connection(32)-127.0.0.1] Pausing ProtocolHandler ["http-nio-8080"]
2025-03-03 18:55:29,122 INFO o.a.j.l.DirectJDKLog [RMI TCP Connection(32)-127.0.0.1] Stopping service [Tomcat]
2025-03-03 18:55:29,125 INFO o.a.j.l.DirectJDKLog [RMI TCP Connection(32)-127.0.0.1] Destroying Spring FrameworkServlet 'dispatcherServlet'
2025-03-03 18:55:29,139 INFO o.a.j.l.DirectJDKLog [RMI TCP Connection(32)-127.0.0.1] Stopping ProtocolHandler ["http-nio-8080"]
2025-03-03 18:55:29,144 INFO o.a.j.l.DirectJDKLog [RMI TCP Connection(32)-127.0.0.1] Destroying ProtocolHandler ["http-nio-8080"]
2025-03-03 19:11:58,529 INFO o.h.v.i.u.Version [background-preinit] HV000001: Hibernate Validator 8.0.1.Final
2025-03-03 19:11:58,565 INFO o.s.b.StartupInfoLogger [main] Starting CandidateServiceApplication using Java 17.0.12 with PID 4240 (C:\XseedAi\CandidateService\target\classes started by Pushkar Latkar in C:\XseedAi\CandidateService)
2025-03-03 19:11:58,565 DEBUG o.s.b.StartupInfoLogger [main] Running with Spring Boot v3.1.3, Spring v6.0.11
2025-03-03 19:11:58,566 INFO o.s.b.SpringApplication [main] The following 1 profile is active: "dev"
2025-03-03 19:11:58,975 INFO o.s.d.r.c.RepositoryConfigurationDelegate [main] Bootstrapping Spring Data MongoDB repositories in DEFAULT mode.
2025-03-03 19:11:59,025 INFO o.s.d.r.c.RepositoryConfigurationDelegate [main] Finished Spring Data repository scanning in 46 ms. Found 5 MongoDB repository interfaces.
2025-03-03 19:11:59,294 INFO o.s.b.w.e.t.TomcatWebServer [main] Tomcat initialized with port(s): 8080 (http)
2025-03-03 19:11:59,299 INFO o.a.j.l.DirectJDKLog [main] Initializing ProtocolHandler ["http-nio-8080"]
2025-03-03 19:11:59,301 INFO o.a.j.l.DirectJDKLog [main] Starting service [Tomcat]
2025-03-03 19:11:59,301 INFO o.a.j.l.DirectJDKLog [main] Starting Servlet engine: [Apache Tomcat/10.1.12]
2025-03-03 19:11:59,374 INFO o.a.j.l.DirectJDKLog [main] Initializing Spring embedded WebApplicationContext
2025-03-03 19:11:59,375 INFO o.s.b.w.s.c.ServletWebServerApplicationContext [main] Root WebApplicationContext: initialization completed in 771 ms
2025-03-03 19:11:59,498 INFO c.m.i.d.l.SLF4JLogger [main] MongoClient with metadata {"driver": {"name": "mongo-java-driver|sync|spring-boot", "version": "4.9.1"}, "os": {"type": "Windows", "name": "Windows 11", "architecture": "amd64", "version": "10.0"}, "platform": "Java/Oracle Corporation/17.0.12+8-LTS-286"} created with settings MongoClientSettings{readPreference=primary, writeConcern=WriteConcern{w=null, wTimeout=null ms, journal=null}, retryWrites=true, retryReads=true, readConcern=ReadConcern{level=null}, credential=null, streamFactoryFactory=null, commandListeners=[], codecRegistry=ProvidersCodecRegistry{codecProviders=[ValueCodecProvider{}, BsonValueCodecProvider{}, DBRefCodecProvider{}, DBObjectCodecProvider{}, DocumentCodecProvider{}, CollectionCodecProvider{}, IterableCodecProvider{}, MapCodecProvider{}, GeoJsonCodecProvider{}, GridFSFileCodecProvider{}, Jsr310CodecProvider{}, JsonObjectCodecProvider{}, BsonCodecProvider{}, EnumCodecProvider{}, com.mongodb.client.model.mql.ExpressionCodecProvider@6b9fdbc6, com.mongodb.Jep395RecordCodecProvider@79476a4e]}, loggerSettings=LoggerSettings{maxDocumentLength=1000}, clusterSettings={hosts=[localhost:27017], srvServiceName=mongodb, mode=SINGLE, requiredClusterType=UNKNOWN, requiredReplicaSetName='null', serverSelector='null', clusterListeners='[]', serverSelectionTimeout='30000 ms', localThreshold='30000 ms'}, socketSettings=SocketSettings{connectTimeoutMS=10000, readTimeoutMS=0, receiveBufferSize=0, sendBufferSize=0}, heartbeatSocketSettings=SocketSettings{connectTimeoutMS=10000, readTimeoutMS=10000, receiveBufferSize=0, sendBufferSize=0}, connectionPoolSettings=ConnectionPoolSettings{maxSize=100, minSize=0, maxWaitTimeMS=120000, maxConnectionLifeTimeMS=0, maxConnectionIdleTimeMS=0, maintenanceInitialDelayMS=0, maintenanceFrequencyMS=60000, connectionPoolListeners=[], maxConnecting=2}, serverSettings=ServerSettings{heartbeatFrequencyMS=10000, minHeartbeatFrequencyMS=500, serverListeners='[]', serverMonitorListeners='[]'}, sslSettings=SslSettings{enabled=false, invalidHostNameAllowed=false, context=null}, applicationName='null', compressorList=[], uuidRepresentation=JAVA_LEGACY, serverApi=null, autoEncryptionSettings=null, contextProvider=null}
2025-03-03 19:11:59,513 INFO c.m.i.d.l.SLF4JLogger [cluster-ClusterId{value='67c5b1a7e1307a39ec703599', description='null'}-localhost:27017] Monitor thread successfully connected to server with description ServerDescription{address=localhost:27017, type=STANDALONE, state=CONNECTED, ok=true, minWireVersion=0, maxWireVersion=25, maxDocumentSize=16777216, logicalSessionTimeoutMinutes=30, roundTripTimeNanos=16571000}
2025-03-03 19:11:59,925 INFO o.a.j.l.DirectJDKLog [main] Starting ProtocolHandler ["http-nio-8080"]
2025-03-03 19:11:59,941 INFO o.s.b.w.e.t.TomcatWebServer [main] Tomcat started on port(s): 8080 (http) with context path ''
2025-03-03 19:11:59,947 INFO o.s.b.StartupInfoLogger [main] Started CandidateServiceApplication in 1.75 seconds (process running for 2.157)
2025-03-03 19:13:00,592 INFO o.s.b.a.SpringApplicationAdminMXBeanRegistrar$SpringApplicationAdmin [RMI TCP Connection(3)-127.0.0.1] Application shutdown requested.
2025-03-03 19:13:00,604 INFO o.a.j.l.DirectJDKLog [RMI TCP Connection(3)-127.0.0.1] Pausing ProtocolHandler ["http-nio-8080"]
2025-03-03 19:13:00,604 INFO o.a.j.l.DirectJDKLog [RMI TCP Connection(3)-127.0.0.1] Stopping service [Tomcat]
2025-03-03 19:13:00,609 INFO o.a.j.l.DirectJDKLog [RMI TCP Connection(3)-127.0.0.1] Stopping ProtocolHandler ["http-nio-8080"]
2025-03-03 19:13:23,345 INFO o.h.v.i.u.Version [background-preinit] HV000001: Hibernate Validator 8.0.1.Final
2025-03-03 19:13:23,384 INFO o.s.b.StartupInfoLogger [main] Starting CandidateServiceApplication using Java 17.0.12 with PID 19676 (C:\XseedAi\CandidateService\target\classes started by Pushkar Latkar in C:\XseedAi\CandidateService)
2025-03-03 19:13:23,385 DEBUG o.s.b.StartupInfoLogger [main] Running with Spring Boot v3.1.3, Spring v6.0.11
2025-03-03 19:13:23,386 INFO o.s.b.SpringApplication [main] The following 1 profile is active: "dev"
2025-03-03 19:13:23,807 INFO o.s.d.r.c.RepositoryConfigurationDelegate [main] Bootstrapping Spring Data MongoDB repositories in DEFAULT mode.
2025-03-03 19:13:23,861 INFO o.s.d.r.c.RepositoryConfigurationDelegate [main] Finished Spring Data repository scanning in 45 ms. Found 5 MongoDB repository interfaces.
2025-03-03 19:13:24,113 INFO o.s.b.w.e.t.TomcatWebServer [main] Tomcat initialized with port(s): 8080 (http)
2025-03-03 19:13:24,119 INFO o.a.j.l.DirectJDKLog [main] Initializing ProtocolHandler ["http-nio-8080"]
2025-03-03 19:13:24,120 INFO o.a.j.l.DirectJDKLog [main] Starting service [Tomcat]
2025-03-03 19:13:24,121 INFO o.a.j.l.DirectJDKLog [main] Starting Servlet engine: [Apache Tomcat/10.1.12]
2025-03-03 19:13:24,186 INFO o.a.j.l.DirectJDKLog [main] Initializing Spring embedded WebApplicationContext
2025-03-03 19:13:24,187 INFO o.s.b.w.s.c.ServletWebServerApplicationContext [main] Root WebApplicationContext: initialization completed in 761 ms
2025-03-03 19:13:24,305 INFO c.m.i.d.l.SLF4JLogger [main] MongoClient with metadata {"driver": {"name": "mongo-java-driver|sync|spring-boot", "version": "4.9.1"}, "os": {"type": "Windows", "name": "Windows 11", "architecture": "amd64", "version": "10.0"}, "platform": "Java/Oracle Corporation/17.0.12+8-LTS-286"} created with settings MongoClientSettings{readPreference=primary, writeConcern=WriteConcern{w=null, wTimeout=null ms, journal=null}, retryWrites=true, retryReads=true, readConcern=ReadConcern{level=null}, credential=null, streamFactoryFactory=null, commandListeners=[], codecRegistry=ProvidersCodecRegistry{codecProviders=[ValueCodecProvider{}, BsonValueCodecProvider{}, DBRefCodecProvider{}, DBObjectCodecProvider{}, DocumentCodecProvider{}, CollectionCodecProvider{}, IterableCodecProvider{}, MapCodecProvider{}, GeoJsonCodecProvider{}, GridFSFileCodecProvider{}, Jsr310CodecProvider{}, JsonObjectCodecProvider{}, BsonCodecProvider{}, EnumCodecProvider{}, com.mongodb.client.model.mql.ExpressionCodecProvider@5974b7e8, com.mongodb.Jep395RecordCodecProvider@2839e3c8]}, loggerSettings=LoggerSettings{maxDocumentLength=1000}, clusterSettings={hosts=[localhost:27017], srvServiceName=mongodb, mode=SINGLE, requiredClusterType=UNKNOWN, requiredReplicaSetName='null', serverSelector='null', clusterListeners='[]', serverSelectionTimeout='30000 ms', localThreshold='30000 ms'}, socketSettings=SocketSettings{connectTimeoutMS=10000, readTimeoutMS=0, receiveBufferSize=0, sendBufferSize=0}, heartbeatSocketSettings=SocketSettings{connectTimeoutMS=10000, readTimeoutMS=10000, receiveBufferSize=0, sendBufferSize=0}, connectionPoolSettings=ConnectionPoolSettings{maxSize=100, minSize=0, maxWaitTimeMS=120000, maxConnectionLifeTimeMS=0, maxConnectionIdleTimeMS=0, maintenanceInitialDelayMS=0, maintenanceFrequencyMS=60000, connectionPoolListeners=[], maxConnecting=2}, serverSettings=ServerSettings{heartbeatFrequencyMS=10000, minHeartbeatFrequencyMS=500, serverListeners='[]', serverMonitorListeners='[]'}, sslSettings=SslSettings{enabled=false, invalidHostNameAllowed=false, context=null}, applicationName='null', compressorList=[], uuidRepresentation=JAVA_LEGACY, serverApi=null, autoEncryptionSettings=null, contextProvider=null}
2025-03-03 19:13:24,323 INFO c.m.i.d.l.SLF4JLogger [cluster-ClusterId{value='67c5b1fc5f3b101f7f3a637d', description='null'}-localhost:27017] Monitor thread successfully connected to server with description ServerDescription{address=localhost:27017, type=STANDALONE, state=CONNECTED, ok=true, minWireVersion=0, maxWireVersion=25, maxDocumentSize=16777216, logicalSessionTimeoutMinutes=30, roundTripTimeNanos=20283700}
2025-03-03 19:13:24,743 INFO o.a.j.l.DirectJDKLog [main] Starting ProtocolHandler ["http-nio-8080"]
2025-03-03 19:13:24,760 INFO o.s.b.w.e.t.TomcatWebServer [main] Tomcat started on port(s): 8080 (http) with context path ''
2025-03-03 19:13:24,765 INFO o.s.b.StartupInfoLogger [main] Started CandidateServiceApplication in 1.738 seconds (process running for 2.137)
2025-03-03 19:13:35,224 INFO o.a.j.l.DirectJDKLog [http-nio-8080-exec-1] Initializing Spring DispatcherServlet 'dispatcherServlet'
2025-03-03 19:13:35,225 INFO o.s.w.s.FrameworkServlet [http-nio-8080-exec-1] Initializing Servlet 'dispatcherServlet'
2025-03-03 19:13:35,225 INFO o.s.w.s.FrameworkServlet [http-nio-8080-exec-1] Completed initialization in 0 ms
2025-03-03 19:13:35,325 INFO c.t.c.c.CandidateController [http-nio-8080-exec-1] Inside Candidate Controller
2025-03-03 19:13:35,325 INFO c.t.c.c.CandidateController [http-nio-8080-exec-1] Inside registerCandidate API
2025-03-03 19:13:35,326 INFO c.t.c.s.CandidateServiceImpl [http-nio-8080-exec-1] Inside registerCandidate()
2025-03-03 19:13:35,327 INFO c.t.c.s.CandidateServiceImpl [http-nio-8080-exec-1] Registering the Candidate :Pushkar Latkar
2025-03-03 19:13:35,439 ERROR c.t.c.s.CandidateServiceImpl [http-nio-8080-exec-1] Error while registering the candidate Pushkar Latkar
org.springframework.core.convert.ConversionFailedException: Failed to convert from type [java.lang.String] to type [java.lang.Long] for value [candidate_sequence]
	at org.springframework.core.convert.support.ConversionUtils.invokeConverter(ConversionUtils.java:47)
	at org.springframework.core.convert.support.GenericConversionService.convert(GenericConversionService.java:192)
	at org.springframework.core.convert.support.GenericConversionService.convert(GenericConversionService.java:175)
	at org.springframework.data.mongodb.core.convert.MappingMongoConverter.doConvert(MappingMongoConverter.java:1814)
	at org.springframework.data.mongodb.core.convert.MappingMongoConverter.doConvert(MappingMongoConverter.java:1806)
	at org.springframework.data.mongodb.core.convert.MappingMongoConverter.getPotentiallyConvertedSimpleRead(MappingMongoConverter.java:1339)
	at org.springframework.data.mongodb.core.convert.MappingMongoConverter.getPotentiallyConvertedSimpleRead(MappingMongoConverter.java:1313)
	at org.springframework.data.mongodb.core.convert.MappingMongoConverter$DefaultConversionContext.convert(MappingMongoConverter.java:2352)
	at org.springframework.data.mongodb.core.convert.MappingMongoConverter$ConversionContext.convert(MappingMongoConverter.java:2158)
	at org.springframework.data.mongodb.core.convert.MappingMongoConverter.readValue(MappingMongoConverter.java:1657)
	at org.springframework.data.mongodb.core.convert.MappingMongoConverter.readIdValue(MappingMongoConverter.java:554)
	at org.springframework.data.mongodb.core.convert.MappingMongoConverter.readAndPopulateIdentifier(MappingMongoConverter.java:542)
	at org.springframework.data.mongodb.core.convert.MappingMongoConverter.populateProperties(MappingMongoConverter.java:509)
	at org.springframework.data.mongodb.core.convert.MappingMongoConverter.read(MappingMongoConverter.java:495)
	at org.springframework.data.mongodb.core.convert.MappingMongoConverter.readDocument(MappingMongoConverter.java:459)
	at org.springframework.data.mongodb.core.convert.MappingMongoConverter.read(MappingMongoConverter.java:395)
	at org.springframework.data.mongodb.core.convert.MappingMongoConverter.read(MappingMongoConverter.java:391)
	at org.springframework.data.mongodb.core.convert.MappingMongoConverter.read(MappingMongoConverter.java:102)
	at org.springframework.data.mongodb.core.MongoTemplate$ReadDocumentCallback.doWith(MongoTemplate.java:3217)
	at org.springframework.data.mongodb.core.MongoTemplate.executeFindOneInternal(MongoTemplate.java:2813)
	at org.springframework.data.mongodb.core.MongoTemplate.doFindAndModify(MongoTemplate.java:2699)
	at org.springframework.data.mongodb.core.MongoTemplate.findAndModify(MongoTemplate.java:1088)
	at org.springframework.data.mongodb.core.MongoTemplate.findAndModify(MongoTemplate.java:1063)
	at com.tcognition.candidate.serviceImpl.SequenceGeneratorService.generateSequence(SequenceGeneratorService.java:24)
	at com.tcognition.candidate.serviceImpl.CandidateServiceImpl.registerCandidate(CandidateServiceImpl.java:102)
	at com.tcognition.candidate.controller.CandidateController.registerCandidate(CandidateController.java:51)
	at java.base/jdk.internal.reflect.NativeMethodAccessorImpl.invoke0(Native Method)
	at java.base/jdk.internal.reflect.NativeMethodAccessorImpl.invoke(NativeMethodAccessorImpl.java:77)
	at java.base/jdk.internal.reflect.DelegatingMethodAccessorImpl.invoke(DelegatingMethodAccessorImpl.java:43)
	at java.base/java.lang.reflect.Method.invoke(Method.java:568)
	at org.springframework.web.method.support.InvocableHandlerMethod.doInvoke(InvocableHandlerMethod.java:205)
	at org.springframework.web.method.support.InvocableHandlerMethod.invokeForRequest(InvocableHandlerMethod.java:150)
	at org.springframework.web.servlet.mvc.method.annotation.ServletInvocableHandlerMethod.invokeAndHandle(ServletInvocableHandlerMethod.java:118)
	at org.springframework.web.servlet.mvc.method.annotation.RequestMappingHandlerAdapter.invokeHandlerMethod(RequestMappingHandlerAdapter.java:884)
	at org.springframework.web.servlet.mvc.method.annotation.RequestMappingHandlerAdapter.handleInternal(RequestMappingHandlerAdapter.java:797)
	at org.springframework.web.servlet.mvc.method.AbstractHandlerMethodAdapter.handle(AbstractHandlerMethodAdapter.java:87)
	at org.springframework.web.servlet.DispatcherServlet.doDispatch(DispatcherServlet.java:1081)
	at org.springframework.web.servlet.DispatcherServlet.doService(DispatcherServlet.java:974)
	at org.springframework.web.servlet.FrameworkServlet.processRequest(FrameworkServlet.java:1011)
	at org.springframework.web.servlet.FrameworkServlet.doPost(FrameworkServlet.java:914)
	at jakarta.servlet.http.HttpServlet.service(HttpServlet.java:590)
	at org.springframework.web.servlet.FrameworkServlet.service(FrameworkServlet.java:885)
	at jakarta.servlet.http.HttpServlet.service(HttpServlet.java:658)
	at org.apache.catalina.core.ApplicationFilterChain.internalDoFilter(ApplicationFilterChain.java:205)
	at org.apache.catalina.core.ApplicationFilterChain.doFilter(ApplicationFilterChain.java:149)
	at org.apache.tomcat.websocket.server.WsFilter.doFilter(WsFilter.java:51)
	at org.apache.catalina.core.ApplicationFilterChain.internalDoFilter(ApplicationFilterChain.java:174)
	at org.apache.catalina.core.ApplicationFilterChain.doFilter(ApplicationFilterChain.java:149)
	at org.springframework.web.filter.RequestContextFilter.doFilterInternal(RequestContextFilter.java:100)
	at org.springframework.web.filter.OncePerRequestFilter.doFilter(OncePerRequestFilter.java:116)
	at org.apache.catalina.core.ApplicationFilterChain.internalDoFilter(ApplicationFilterChain.java:174)
	at org.apache.catalina.core.ApplicationFilterChain.doFilter(ApplicationFilterChain.java:149)
	at org.springframework.web.filter.FormContentFilter.doFilterInternal(FormContentFilter.java:93)
	at org.springframework.web.filter.OncePerRequestFilter.doFilter(OncePerRequestFilter.java:116)
	at org.apache.catalina.core.ApplicationFilterChain.internalDoFilter(ApplicationFilterChain.java:174)
	at org.apache.catalina.core.ApplicationFilterChain.doFilter(ApplicationFilterChain.java:149)
	at org.springframework.web.filter.CharacterEncodingFilter.doFilterInternal(CharacterEncodingFilter.java:201)
	at org.springframework.web.filter.OncePerRequestFilter.doFilter(OncePerRequestFilter.java:116)
	at org.apache.catalina.core.ApplicationFilterChain.internalDoFilter(ApplicationFilterChain.java:174)
	at org.apache.catalina.core.ApplicationFilterChain.doFilter(ApplicationFilterChain.java:149)
	at org.apache.catalina.core.StandardWrapperValve.invoke(StandardWrapperValve.java:166)
	at org.apache.catalina.core.StandardContextValve.invoke(StandardContextValve.java:90)
	at org.apache.catalina.authenticator.AuthenticatorBase.invoke(AuthenticatorBase.java:482)
	at org.apache.catalina.core.StandardHostValve.invoke(StandardHostValve.java:115)
	at org.apache.catalina.valves.ErrorReportValve.invoke(ErrorReportValve.java:93)
	at org.apache.catalina.core.StandardEngineValve.invoke(StandardEngineValve.java:74)
	at org.apache.catalina.connector.CoyoteAdapter.service(CoyoteAdapter.java:341)
	at org.apache.coyote.http11.Http11Processor.service(Http11Processor.java:391)
	at org.apache.coyote.AbstractProcessorLight.process(AbstractProcessorLight.java:63)
	at org.apache.coyote.AbstractProtocol$ConnectionHandler.process(AbstractProtocol.java:894)
	at org.apache.tomcat.util.net.NioEndpoint$SocketProcessor.doRun(NioEndpoint.java:1740)
	at org.apache.tomcat.util.net.SocketProcessorBase.run(SocketProcessorBase.java:52)
	at org.apache.tomcat.util.threads.ThreadPoolExecutor.runWorker(ThreadPoolExecutor.java:1191)
	at org.apache.tomcat.util.threads.ThreadPoolExecutor$Worker.run(ThreadPoolExecutor.java:659)
	at org.apache.tomcat.util.threads.TaskThread$WrappingRunnable.run(TaskThread.java:61)
	at java.base/java.lang.Thread.run(Thread.java:842)
Caused by: java.lang.NumberFormatException: For input string: "candidate_sequence"
	at java.base/java.lang.NumberFormatException.forInputString(NumberFormatException.java:67)
	at java.base/java.lang.Long.parseLong(Long.java:711)
	at java.base/java.lang.Long.valueOf(Long.java:1163)
	at org.springframework.util.NumberUtils.parseNumber(NumberUtils.java:206)
	at org.springframework.core.convert.support.StringToNumberConverterFactory$StringToNumber.convert(StringToNumberConverterFactory.java:64)
	at org.springframework.core.convert.support.StringToNumberConverterFactory$StringToNumber.convert(StringToNumberConverterFactory.java:50)
	at org.springframework.core.convert.support.GenericConversionService$ConverterFactoryAdapter.convert(GenericConversionService.java:437)
	at org.springframework.core.convert.support.ConversionUtils.invokeConverter(ConversionUtils.java:41)
	... 75 common frames omitted
2025-03-03 19:13:51,400 INFO o.s.b.a.SpringApplicationAdminMXBeanRegistrar$SpringApplicationAdmin [RMI TCP Connection(2)-127.0.0.1] Application shutdown requested.
2025-03-03 19:13:51,414 INFO o.a.j.l.DirectJDKLog [RMI TCP Connection(2)-127.0.0.1] Pausing ProtocolHandler ["http-nio-8080"]
2025-03-03 19:13:51,415 INFO o.a.j.l.DirectJDKLog [RMI TCP Connection(2)-127.0.0.1] Stopping service [Tomcat]
2025-03-03 19:13:51,416 INFO o.a.j.l.DirectJDKLog [RMI TCP Connection(2)-127.0.0.1] Destroying Spring FrameworkServlet 'dispatcherServlet'
2025-03-03 19:13:51,420 INFO o.a.j.l.DirectJDKLog [RMI TCP Connection(2)-127.0.0.1] Stopping ProtocolHandler ["http-nio-8080"]
2025-03-03 19:14:06,774 INFO o.h.v.i.u.Version [background-preinit] HV000001: Hibernate Validator 8.0.1.Final
2025-03-03 19:14:06,810 INFO o.s.b.StartupInfoLogger [main] Starting CandidateServiceApplication using Java 17.0.12 with PID 13532 (C:\XseedAi\CandidateService\target\classes started by Pushkar Latkar in C:\XseedAi\CandidateService)
2025-03-03 19:14:06,811 DEBUG o.s.b.StartupInfoLogger [main] Running with Spring Boot v3.1.3, Spring v6.0.11
2025-03-03 19:14:06,812 INFO o.s.b.SpringApplication [main] The following 1 profile is active: "dev"
2025-03-03 19:14:07,219 INFO o.s.d.r.c.RepositoryConfigurationDelegate [main] Bootstrapping Spring Data MongoDB repositories in DEFAULT mode.
2025-03-03 19:14:07,263 INFO o.s.d.r.c.RepositoryConfigurationDelegate [main] Finished Spring Data repository scanning in 40 ms. Found 5 MongoDB repository interfaces.
2025-03-03 19:14:07,519 INFO o.s.b.w.e.t.TomcatWebServer [main] Tomcat initialized with port(s): 8080 (http)
2025-03-03 19:14:07,524 INFO o.a.j.l.DirectJDKLog [main] Initializing ProtocolHandler ["http-nio-8080"]
2025-03-03 19:14:07,525 INFO o.a.j.l.DirectJDKLog [main] Starting service [Tomcat]
2025-03-03 19:14:07,526 INFO o.a.j.l.DirectJDKLog [main] Starting Servlet engine: [Apache Tomcat/10.1.12]
2025-03-03 19:14:07,594 INFO o.a.j.l.DirectJDKLog [main] Initializing Spring embedded WebApplicationContext
2025-03-03 19:14:07,595 INFO o.s.b.w.s.c.ServletWebServerApplicationContext [main] Root WebApplicationContext: initialization completed in 745 ms
2025-03-03 19:14:07,719 INFO c.m.i.d.l.SLF4JLogger [main] MongoClient with metadata {"driver": {"name": "mongo-java-driver|sync|spring-boot", "version": "4.9.1"}, "os": {"type": "Windows", "name": "Windows 11", "architecture": "amd64", "version": "10.0"}, "platform": "Java/Oracle Corporation/17.0.12+8-LTS-286"} created with settings MongoClientSettings{readPreference=primary, writeConcern=WriteConcern{w=null, wTimeout=null ms, journal=null}, retryWrites=true, retryReads=true, readConcern=ReadConcern{level=null}, credential=null, streamFactoryFactory=null, commandListeners=[], codecRegistry=ProvidersCodecRegistry{codecProviders=[ValueCodecProvider{}, BsonValueCodecProvider{}, DBRefCodecProvider{}, DBObjectCodecProvider{}, DocumentCodecProvider{}, CollectionCodecProvider{}, IterableCodecProvider{}, MapCodecProvider{}, GeoJsonCodecProvider{}, GridFSFileCodecProvider{}, Jsr310CodecProvider{}, JsonObjectCodecProvider{}, BsonCodecProvider{}, EnumCodecProvider{}, com.mongodb.client.model.mql.ExpressionCodecProvider@3becc950, com.mongodb.Jep395RecordCodecProvider@6b9fdbc6]}, loggerSettings=LoggerSettings{maxDocumentLength=1000}, clusterSettings={hosts=[localhost:27017], srvServiceName=mongodb, mode=SINGLE, requiredClusterType=UNKNOWN, requiredReplicaSetName='null', serverSelector='null', clusterListeners='[]', serverSelectionTimeout='30000 ms', localThreshold='30000 ms'}, socketSettings=SocketSettings{connectTimeoutMS=10000, readTimeoutMS=0, receiveBufferSize=0, sendBufferSize=0}, heartbeatSocketSettings=SocketSettings{connectTimeoutMS=10000, readTimeoutMS=10000, receiveBufferSize=0, sendBufferSize=0}, connectionPoolSettings=ConnectionPoolSettings{maxSize=100, minSize=0, maxWaitTimeMS=120000, maxConnectionLifeTimeMS=0, maxConnectionIdleTimeMS=0, maintenanceInitialDelayMS=0, maintenanceFrequencyMS=60000, connectionPoolListeners=[], maxConnecting=2}, serverSettings=ServerSettings{heartbeatFrequencyMS=10000, minHeartbeatFrequencyMS=500, serverListeners='[]', serverMonitorListeners='[]'}, sslSettings=SslSettings{enabled=false, invalidHostNameAllowed=false, context=null}, applicationName='null', compressorList=[], uuidRepresentation=JAVA_LEGACY, serverApi=null, autoEncryptionSettings=null, contextProvider=null}
2025-03-03 19:14:07,737 INFO c.m.i.d.l.SLF4JLogger [cluster-ClusterId{value='67c5b22789308e37779963b7', description='null'}-localhost:27017] Monitor thread successfully connected to server with description ServerDescription{address=localhost:27017, type=STANDALONE, state=CONNECTED, ok=true, minWireVersion=0, maxWireVersion=25, maxDocumentSize=16777216, logicalSessionTimeoutMinutes=30, roundTripTimeNanos=19440600}
2025-03-03 19:14:08,141 INFO o.a.j.l.DirectJDKLog [main] Starting ProtocolHandler ["http-nio-8080"]
2025-03-03 19:14:08,159 INFO o.s.b.w.e.t.TomcatWebServer [main] Tomcat started on port(s): 8080 (http) with context path ''
2025-03-03 19:14:08,166 INFO o.s.b.StartupInfoLogger [main] Started CandidateServiceApplication in 1.705 seconds (process running for 2.097)
2025-03-03 19:14:15,960 INFO o.a.j.l.DirectJDKLog [http-nio-8080-exec-3] Initializing Spring DispatcherServlet 'dispatcherServlet'
2025-03-03 19:14:15,960 INFO o.s.w.s.FrameworkServlet [http-nio-8080-exec-3] Initializing Servlet 'dispatcherServlet'
2025-03-03 19:14:15,961 INFO o.s.w.s.FrameworkServlet [http-nio-8080-exec-3] Completed initialization in 1 ms
2025-03-03 19:14:16,028 INFO c.t.c.c.CandidateController [http-nio-8080-exec-3] Inside Candidate Controller
2025-03-03 19:14:16,028 INFO c.t.c.c.CandidateController [http-nio-8080-exec-3] Inside registerCandidate API
2025-03-03 19:14:16,028 INFO c.t.c.s.CandidateServiceImpl [http-nio-8080-exec-3] Inside registerCandidate()
2025-03-03 19:14:16,029 INFO c.t.c.s.CandidateServiceImpl [http-nio-8080-exec-3] Registering the Candidate :Pushkar Latkar
2025-03-03 19:14:16,088 ERROR c.t.c.s.CandidateServiceImpl [http-nio-8080-exec-3] Error while registering the candidate Pushkar Latkar
org.springframework.core.convert.ConversionFailedException: Failed to convert from type [java.lang.String] to type [java.lang.Long] for value [candidate_sequence]
	at org.springframework.core.convert.support.ConversionUtils.invokeConverter(ConversionUtils.java:47)
	at org.springframework.core.convert.support.GenericConversionService.convert(GenericConversionService.java:192)
	at org.springframework.core.convert.support.GenericConversionService.convert(GenericConversionService.java:175)
	at org.springframework.data.mongodb.core.convert.MappingMongoConverter.doConvert(MappingMongoConverter.java:1814)
	at org.springframework.data.mongodb.core.convert.MappingMongoConverter.doConvert(MappingMongoConverter.java:1806)
	at org.springframework.data.mongodb.core.convert.MappingMongoConverter.getPotentiallyConvertedSimpleRead(MappingMongoConverter.java:1339)
	at org.springframework.data.mongodb.core.convert.MappingMongoConverter.getPotentiallyConvertedSimpleRead(MappingMongoConverter.java:1313)
	at org.springframework.data.mongodb.core.convert.MappingMongoConverter$DefaultConversionContext.convert(MappingMongoConverter.java:2352)
	at org.springframework.data.mongodb.core.convert.MappingMongoConverter$ConversionContext.convert(MappingMongoConverter.java:2158)
	at org.springframework.data.mongodb.core.convert.MappingMongoConverter.readValue(MappingMongoConverter.java:1657)
	at org.springframework.data.mongodb.core.convert.MappingMongoConverter.readIdValue(MappingMongoConverter.java:554)
	at org.springframework.data.mongodb.core.convert.MappingMongoConverter.readAndPopulateIdentifier(MappingMongoConverter.java:542)
	at org.springframework.data.mongodb.core.convert.MappingMongoConverter.populateProperties(MappingMongoConverter.java:509)
	at org.springframework.data.mongodb.core.convert.MappingMongoConverter.read(MappingMongoConverter.java:495)
	at org.springframework.data.mongodb.core.convert.MappingMongoConverter.readDocument(MappingMongoConverter.java:459)
	at org.springframework.data.mongodb.core.convert.MappingMongoConverter.read(MappingMongoConverter.java:395)
	at org.springframework.data.mongodb.core.convert.MappingMongoConverter.read(MappingMongoConverter.java:391)
	at org.springframework.data.mongodb.core.convert.MappingMongoConverter.read(MappingMongoConverter.java:102)
	at org.springframework.data.mongodb.core.MongoTemplate$ReadDocumentCallback.doWith(MongoTemplate.java:3217)
	at org.springframework.data.mongodb.core.MongoTemplate.executeFindOneInternal(MongoTemplate.java:2813)
	at org.springframework.data.mongodb.core.MongoTemplate.doFindAndModify(MongoTemplate.java:2699)
	at org.springframework.data.mongodb.core.MongoTemplate.findAndModify(MongoTemplate.java:1088)
	at org.springframework.data.mongodb.core.MongoTemplate.findAndModify(MongoTemplate.java:1063)
	at com.tcognition.candidate.serviceImpl.SequenceGeneratorService.generateSequence(SequenceGeneratorService.java:24)
	at com.tcognition.candidate.serviceImpl.CandidateServiceImpl.registerCandidate(CandidateServiceImpl.java:102)
	at com.tcognition.candidate.controller.CandidateController.registerCandidate(CandidateController.java:51)
	at java.base/jdk.internal.reflect.NativeMethodAccessorImpl.invoke0(Native Method)
	at java.base/jdk.internal.reflect.NativeMethodAccessorImpl.invoke(NativeMethodAccessorImpl.java:77)
	at java.base/jdk.internal.reflect.DelegatingMethodAccessorImpl.invoke(DelegatingMethodAccessorImpl.java:43)
	at java.base/java.lang.reflect.Method.invoke(Method.java:568)
	at org.springframework.web.method.support.InvocableHandlerMethod.doInvoke(InvocableHandlerMethod.java:205)
	at org.springframework.web.method.support.InvocableHandlerMethod.invokeForRequest(InvocableHandlerMethod.java:150)
	at org.springframework.web.servlet.mvc.method.annotation.ServletInvocableHandlerMethod.invokeAndHandle(ServletInvocableHandlerMethod.java:118)
	at org.springframework.web.servlet.mvc.method.annotation.RequestMappingHandlerAdapter.invokeHandlerMethod(RequestMappingHandlerAdapter.java:884)
	at org.springframework.web.servlet.mvc.method.annotation.RequestMappingHandlerAdapter.handleInternal(RequestMappingHandlerAdapter.java:797)
	at org.springframework.web.servlet.mvc.method.AbstractHandlerMethodAdapter.handle(AbstractHandlerMethodAdapter.java:87)
	at org.springframework.web.servlet.DispatcherServlet.doDispatch(DispatcherServlet.java:1081)
	at org.springframework.web.servlet.DispatcherServlet.doService(DispatcherServlet.java:974)
	at org.springframework.web.servlet.FrameworkServlet.processRequest(FrameworkServlet.java:1011)
	at org.springframework.web.servlet.FrameworkServlet.doPost(FrameworkServlet.java:914)
	at jakarta.servlet.http.HttpServlet.service(HttpServlet.java:590)
	at org.springframework.web.servlet.FrameworkServlet.service(FrameworkServlet.java:885)
	at jakarta.servlet.http.HttpServlet.service(HttpServlet.java:658)
	at org.apache.catalina.core.ApplicationFilterChain.internalDoFilter(ApplicationFilterChain.java:205)
	at org.apache.catalina.core.ApplicationFilterChain.doFilter(ApplicationFilterChain.java:149)
	at org.apache.tomcat.websocket.server.WsFilter.doFilter(WsFilter.java:51)
	at org.apache.catalina.core.ApplicationFilterChain.internalDoFilter(ApplicationFilterChain.java:174)
	at org.apache.catalina.core.ApplicationFilterChain.doFilter(ApplicationFilterChain.java:149)
	at org.springframework.web.filter.RequestContextFilter.doFilterInternal(RequestContextFilter.java:100)
	at org.springframework.web.filter.OncePerRequestFilter.doFilter(OncePerRequestFilter.java:116)
	at org.apache.catalina.core.ApplicationFilterChain.internalDoFilter(ApplicationFilterChain.java:174)
	at org.apache.catalina.core.ApplicationFilterChain.doFilter(ApplicationFilterChain.java:149)
	at org.springframework.web.filter.FormContentFilter.doFilterInternal(FormContentFilter.java:93)
	at org.springframework.web.filter.OncePerRequestFilter.doFilter(OncePerRequestFilter.java:116)
	at org.apache.catalina.core.ApplicationFilterChain.internalDoFilter(ApplicationFilterChain.java:174)
	at org.apache.catalina.core.ApplicationFilterChain.doFilter(ApplicationFilterChain.java:149)
	at org.springframework.web.filter.CharacterEncodingFilter.doFilterInternal(CharacterEncodingFilter.java:201)
	at org.springframework.web.filter.OncePerRequestFilter.doFilter(OncePerRequestFilter.java:116)
	at org.apache.catalina.core.ApplicationFilterChain.internalDoFilter(ApplicationFilterChain.java:174)
	at org.apache.catalina.core.ApplicationFilterChain.doFilter(ApplicationFilterChain.java:149)
	at org.apache.catalina.core.StandardWrapperValve.invoke(StandardWrapperValve.java:166)
	at org.apache.catalina.core.StandardContextValve.invoke(StandardContextValve.java:90)
	at org.apache.catalina.authenticator.AuthenticatorBase.invoke(AuthenticatorBase.java:482)
	at org.apache.catalina.core.StandardHostValve.invoke(StandardHostValve.java:115)
	at org.apache.catalina.valves.ErrorReportValve.invoke(ErrorReportValve.java:93)
	at org.apache.catalina.core.StandardEngineValve.invoke(StandardEngineValve.java:74)
	at org.apache.catalina.connector.CoyoteAdapter.service(CoyoteAdapter.java:341)
	at org.apache.coyote.http11.Http11Processor.service(Http11Processor.java:391)
	at org.apache.coyote.AbstractProcessorLight.process(AbstractProcessorLight.java:63)
	at org.apache.coyote.AbstractProtocol$ConnectionHandler.process(AbstractProtocol.java:894)
	at org.apache.tomcat.util.net.NioEndpoint$SocketProcessor.doRun(NioEndpoint.java:1740)
	at org.apache.tomcat.util.net.SocketProcessorBase.run(SocketProcessorBase.java:52)
	at org.apache.tomcat.util.threads.ThreadPoolExecutor.runWorker(ThreadPoolExecutor.java:1191)
	at org.apache.tomcat.util.threads.ThreadPoolExecutor$Worker.run(ThreadPoolExecutor.java:659)
	at org.apache.tomcat.util.threads.TaskThread$WrappingRunnable.run(TaskThread.java:61)
	at java.base/java.lang.Thread.run(Thread.java:842)
Caused by: java.lang.NumberFormatException: For input string: "candidate_sequence"
	at java.base/java.lang.NumberFormatException.forInputString(NumberFormatException.java:67)
	at java.base/java.lang.Long.parseLong(Long.java:711)
	at java.base/java.lang.Long.valueOf(Long.java:1163)
	at org.springframework.util.NumberUtils.parseNumber(NumberUtils.java:206)
	at org.springframework.core.convert.support.StringToNumberConverterFactory$StringToNumber.convert(StringToNumberConverterFactory.java:64)
	at org.springframework.core.convert.support.StringToNumberConverterFactory$StringToNumber.convert(StringToNumberConverterFactory.java:50)
	at org.springframework.core.convert.support.GenericConversionService$ConverterFactoryAdapter.convert(GenericConversionService.java:437)
	at org.springframework.core.convert.support.ConversionUtils.invokeConverter(ConversionUtils.java:41)
	... 75 common frames omitted
2025-03-03 19:14:58,942 INFO o.s.b.a.SpringApplicationAdminMXBeanRegistrar$SpringApplicationAdmin [RMI TCP Connection(4)-127.0.0.1] Application shutdown requested.
2025-03-03 19:14:58,956 INFO o.a.j.l.DirectJDKLog [RMI TCP Connection(4)-127.0.0.1] Pausing ProtocolHandler ["http-nio-8080"]
2025-03-03 19:14:58,956 INFO o.a.j.l.DirectJDKLog [RMI TCP Connection(4)-127.0.0.1] Stopping service [Tomcat]
2025-03-03 19:14:58,957 INFO o.a.j.l.DirectJDKLog [RMI TCP Connection(4)-127.0.0.1] Destroying Spring FrameworkServlet 'dispatcherServlet'
2025-03-03 19:14:58,961 INFO o.a.j.l.DirectJDKLog [RMI TCP Connection(4)-127.0.0.1] Stopping ProtocolHandler ["http-nio-8080"]
2025-03-03 19:14:58,964 INFO o.a.j.l.DirectJDKLog [RMI TCP Connection(4)-127.0.0.1] Destroying ProtocolHandler ["http-nio-8080"]
2025-03-03 19:18:10,644 INFO o.h.v.i.u.Version [background-preinit] HV000001: Hibernate Validator 8.0.1.Final
2025-03-03 19:18:10,682 INFO o.s.b.StartupInfoLogger [main] Starting CandidateServiceApplication using Java 17.0.12 with PID 18848 (C:\XseedAi\CandidateService\target\classes started by Pushkar Latkar in C:\XseedAi\CandidateService)
2025-03-03 19:18:10,682 DEBUG o.s.b.StartupInfoLogger [main] Running with Spring Boot v3.1.3, Spring v6.0.11
2025-03-03 19:18:10,683 INFO o.s.b.SpringApplication [main] The following 1 profile is active: "dev"
2025-03-03 19:18:11,079 INFO o.s.d.r.c.RepositoryConfigurationDelegate [main] Bootstrapping Spring Data MongoDB repositories in DEFAULT mode.
2025-03-03 19:18:11,125 INFO o.s.d.r.c.RepositoryConfigurationDelegate [main] Finished Spring Data repository scanning in 41 ms. Found 5 MongoDB repository interfaces.
2025-03-03 19:18:11,373 INFO o.s.b.w.e.t.TomcatWebServer [main] Tomcat initialized with port(s): 8080 (http)
2025-03-03 19:18:11,378 INFO o.a.j.l.DirectJDKLog [main] Initializing ProtocolHandler ["http-nio-8080"]
2025-03-03 19:18:11,379 INFO o.a.j.l.DirectJDKLog [main] Starting service [Tomcat]
2025-03-03 19:18:11,380 INFO o.a.j.l.DirectJDKLog [main] Starting Servlet engine: [Apache Tomcat/10.1.12]
2025-03-03 19:18:11,445 INFO o.a.j.l.DirectJDKLog [main] Initializing Spring embedded WebApplicationContext
2025-03-03 19:18:11,446 INFO o.s.b.w.s.c.ServletWebServerApplicationContext [main] Root WebApplicationContext: initialization completed in 724 ms
2025-03-03 19:18:11,562 INFO c.m.i.d.l.SLF4JLogger [main] MongoClient with metadata {"driver": {"name": "mongo-java-driver|sync|spring-boot", "version": "4.9.1"}, "os": {"type": "Windows", "name": "Windows 11", "architecture": "amd64", "version": "10.0"}, "platform": "Java/Oracle Corporation/17.0.12+8-LTS-286"} created with settings MongoClientSettings{readPreference=primary, writeConcern=WriteConcern{w=null, wTimeout=null ms, journal=null}, retryWrites=true, retryReads=true, readConcern=ReadConcern{level=null}, credential=null, streamFactoryFactory=null, commandListeners=[], codecRegistry=ProvidersCodecRegistry{codecProviders=[ValueCodecProvider{}, BsonValueCodecProvider{}, DBRefCodecProvider{}, DBObjectCodecProvider{}, DocumentCodecProvider{}, CollectionCodecProvider{}, IterableCodecProvider{}, MapCodecProvider{}, GeoJsonCodecProvider{}, GridFSFileCodecProvider{}, Jsr310CodecProvider{}, JsonObjectCodecProvider{}, BsonCodecProvider{}, EnumCodecProvider{}, com.mongodb.client.model.mql.ExpressionCodecProvider@3becc950, com.mongodb.Jep395RecordCodecProvider@6b9fdbc6]}, loggerSettings=LoggerSettings{maxDocumentLength=1000}, clusterSettings={hosts=[localhost:27017], srvServiceName=mongodb, mode=SINGLE, requiredClusterType=UNKNOWN, requiredReplicaSetName='null', serverSelector='null', clusterListeners='[]', serverSelectionTimeout='30000 ms', localThreshold='30000 ms'}, socketSettings=SocketSettings{connectTimeoutMS=10000, readTimeoutMS=0, receiveBufferSize=0, sendBufferSize=0}, heartbeatSocketSettings=SocketSettings{connectTimeoutMS=10000, readTimeoutMS=10000, receiveBufferSize=0, sendBufferSize=0}, connectionPoolSettings=ConnectionPoolSettings{maxSize=100, minSize=0, maxWaitTimeMS=120000, maxConnectionLifeTimeMS=0, maxConnectionIdleTimeMS=0, maintenanceInitialDelayMS=0, maintenanceFrequencyMS=60000, connectionPoolListeners=[], maxConnecting=2}, serverSettings=ServerSettings{heartbeatFrequencyMS=10000, minHeartbeatFrequencyMS=500, serverListeners='[]', serverMonitorListeners='[]'}, sslSettings=SslSettings{enabled=false, invalidHostNameAllowed=false, context=null}, applicationName='null', compressorList=[], uuidRepresentation=JAVA_LEGACY, serverApi=null, autoEncryptionSettings=null, contextProvider=null}
2025-03-03 19:18:11,581 INFO c.m.i.d.l.SLF4JLogger [cluster-ClusterId{value='67c5b31be2ed8171469e83da', description='null'}-localhost:27017] Monitor thread successfully connected to server with description ServerDescription{address=localhost:27017, type=STANDALONE, state=CONNECTED, ok=true, minWireVersion=0, maxWireVersion=25, maxDocumentSize=16777216, logicalSessionTimeoutMinutes=30, roundTripTimeNanos=19500900}
2025-03-03 19:18:11,977 INFO o.a.j.l.DirectJDKLog [main] Starting ProtocolHandler ["http-nio-8080"]
2025-03-03 19:18:11,995 INFO o.s.b.w.e.t.TomcatWebServer [main] Tomcat started on port(s): 8080 (http) with context path ''
2025-03-03 19:18:12,000 INFO o.s.b.StartupInfoLogger [main] Started CandidateServiceApplication in 1.653 seconds (process running for 2.034)
2025-03-03 19:18:29,885 INFO o.a.j.l.DirectJDKLog [http-nio-8080-exec-2] Initializing Spring DispatcherServlet 'dispatcherServlet'
2025-03-03 19:18:29,886 INFO o.s.w.s.FrameworkServlet [http-nio-8080-exec-2] Initializing Servlet 'dispatcherServlet'
2025-03-03 19:18:29,886 INFO o.s.w.s.FrameworkServlet [http-nio-8080-exec-2] Completed initialization in 0 ms
2025-03-03 19:18:29,943 INFO c.t.c.c.CandidateController [http-nio-8080-exec-2] Inside Candidate Controller
2025-03-03 19:18:29,944 INFO c.t.c.c.CandidateController [http-nio-8080-exec-2] Inside registerCandidate API
2025-03-03 19:18:29,944 INFO c.t.c.s.CandidateServiceImpl [http-nio-8080-exec-2] Inside registerCandidate()
2025-03-03 19:18:29,944 INFO c.t.c.s.CandidateServiceImpl [http-nio-8080-exec-2] Registering the Candidate :Pushkar Latkar
2025-03-03 19:18:30,004 ERROR c.t.c.s.CandidateServiceImpl [http-nio-8080-exec-2] Error while registering the candidate Pushkar Latkar
org.springframework.core.convert.ConversionFailedException: Failed to convert from type [java.lang.String] to type [java.lang.Long] for value [candidate_sequence]
	at org.springframework.core.convert.support.ConversionUtils.invokeConverter(ConversionUtils.java:47)
	at org.springframework.core.convert.support.GenericConversionService.convert(GenericConversionService.java:192)
	at org.springframework.core.convert.support.GenericConversionService.convert(GenericConversionService.java:175)
	at org.springframework.data.mongodb.core.convert.MappingMongoConverter.doConvert(MappingMongoConverter.java:1814)
	at org.springframework.data.mongodb.core.convert.MappingMongoConverter.doConvert(MappingMongoConverter.java:1806)
	at org.springframework.data.mongodb.core.convert.MappingMongoConverter.getPotentiallyConvertedSimpleRead(MappingMongoConverter.java:1339)
	at org.springframework.data.mongodb.core.convert.MappingMongoConverter.getPotentiallyConvertedSimpleRead(MappingMongoConverter.java:1313)
	at org.springframework.data.mongodb.core.convert.MappingMongoConverter$DefaultConversionContext.convert(MappingMongoConverter.java:2352)
	at org.springframework.data.mongodb.core.convert.MappingMongoConverter$ConversionContext.convert(MappingMongoConverter.java:2158)
	at org.springframework.data.mongodb.core.convert.MappingMongoConverter.readValue(MappingMongoConverter.java:1657)
	at org.springframework.data.mongodb.core.convert.MappingMongoConverter.readIdValue(MappingMongoConverter.java:554)
	at org.springframework.data.mongodb.core.convert.MappingMongoConverter.readAndPopulateIdentifier(MappingMongoConverter.java:542)
	at org.springframework.data.mongodb.core.convert.MappingMongoConverter.populateProperties(MappingMongoConverter.java:509)
	at org.springframework.data.mongodb.core.convert.MappingMongoConverter.read(MappingMongoConverter.java:495)
	at org.springframework.data.mongodb.core.convert.MappingMongoConverter.readDocument(MappingMongoConverter.java:459)
	at org.springframework.data.mongodb.core.convert.MappingMongoConverter.read(MappingMongoConverter.java:395)
	at org.springframework.data.mongodb.core.convert.MappingMongoConverter.read(MappingMongoConverter.java:391)
	at org.springframework.data.mongodb.core.convert.MappingMongoConverter.read(MappingMongoConverter.java:102)
	at org.springframework.data.mongodb.core.MongoTemplate$ReadDocumentCallback.doWith(MongoTemplate.java:3217)
	at org.springframework.data.mongodb.core.MongoTemplate.executeFindOneInternal(MongoTemplate.java:2813)
	at org.springframework.data.mongodb.core.MongoTemplate.doFindAndModify(MongoTemplate.java:2699)
	at org.springframework.data.mongodb.core.MongoTemplate.findAndModify(MongoTemplate.java:1088)
	at org.springframework.data.mongodb.core.MongoTemplate.findAndModify(MongoTemplate.java:1063)
	at com.tcognition.candidate.serviceImpl.SequenceGeneratorService.generateSequence(SequenceGeneratorService.java:24)
	at com.tcognition.candidate.serviceImpl.CandidateServiceImpl.registerCandidate(CandidateServiceImpl.java:102)
	at com.tcognition.candidate.controller.CandidateController.registerCandidate(CandidateController.java:51)
	at java.base/jdk.internal.reflect.NativeMethodAccessorImpl.invoke0(Native Method)
	at java.base/jdk.internal.reflect.NativeMethodAccessorImpl.invoke(NativeMethodAccessorImpl.java:77)
	at java.base/jdk.internal.reflect.DelegatingMethodAccessorImpl.invoke(DelegatingMethodAccessorImpl.java:43)
	at java.base/java.lang.reflect.Method.invoke(Method.java:568)
	at org.springframework.web.method.support.InvocableHandlerMethod.doInvoke(InvocableHandlerMethod.java:205)
	at org.springframework.web.method.support.InvocableHandlerMethod.invokeForRequest(InvocableHandlerMethod.java:150)
	at org.springframework.web.servlet.mvc.method.annotation.ServletInvocableHandlerMethod.invokeAndHandle(ServletInvocableHandlerMethod.java:118)
	at org.springframework.web.servlet.mvc.method.annotation.RequestMappingHandlerAdapter.invokeHandlerMethod(RequestMappingHandlerAdapter.java:884)
	at org.springframework.web.servlet.mvc.method.annotation.RequestMappingHandlerAdapter.handleInternal(RequestMappingHandlerAdapter.java:797)
	at org.springframework.web.servlet.mvc.method.AbstractHandlerMethodAdapter.handle(AbstractHandlerMethodAdapter.java:87)
	at org.springframework.web.servlet.DispatcherServlet.doDispatch(DispatcherServlet.java:1081)
	at org.springframework.web.servlet.DispatcherServlet.doService(DispatcherServlet.java:974)
	at org.springframework.web.servlet.FrameworkServlet.processRequest(FrameworkServlet.java:1011)
	at org.springframework.web.servlet.FrameworkServlet.doPost(FrameworkServlet.java:914)
	at jakarta.servlet.http.HttpServlet.service(HttpServlet.java:590)
	at org.springframework.web.servlet.FrameworkServlet.service(FrameworkServlet.java:885)
	at jakarta.servlet.http.HttpServlet.service(HttpServlet.java:658)
	at org.apache.catalina.core.ApplicationFilterChain.internalDoFilter(ApplicationFilterChain.java:205)
	at org.apache.catalina.core.ApplicationFilterChain.doFilter(ApplicationFilterChain.java:149)
	at org.apache.tomcat.websocket.server.WsFilter.doFilter(WsFilter.java:51)
	at org.apache.catalina.core.ApplicationFilterChain.internalDoFilter(ApplicationFilterChain.java:174)
	at org.apache.catalina.core.ApplicationFilterChain.doFilter(ApplicationFilterChain.java:149)
	at org.springframework.web.filter.RequestContextFilter.doFilterInternal(RequestContextFilter.java:100)
	at org.springframework.web.filter.OncePerRequestFilter.doFilter(OncePerRequestFilter.java:116)
	at org.apache.catalina.core.ApplicationFilterChain.internalDoFilter(ApplicationFilterChain.java:174)
	at org.apache.catalina.core.ApplicationFilterChain.doFilter(ApplicationFilterChain.java:149)
	at org.springframework.web.filter.FormContentFilter.doFilterInternal(FormContentFilter.java:93)
	at org.springframework.web.filter.OncePerRequestFilter.doFilter(OncePerRequestFilter.java:116)
	at org.apache.catalina.core.ApplicationFilterChain.internalDoFilter(ApplicationFilterChain.java:174)
	at org.apache.catalina.core.ApplicationFilterChain.doFilter(ApplicationFilterChain.java:149)
	at org.springframework.web.filter.CharacterEncodingFilter.doFilterInternal(CharacterEncodingFilter.java:201)
	at org.springframework.web.filter.OncePerRequestFilter.doFilter(OncePerRequestFilter.java:116)
	at org.apache.catalina.core.ApplicationFilterChain.internalDoFilter(ApplicationFilterChain.java:174)
	at org.apache.catalina.core.ApplicationFilterChain.doFilter(ApplicationFilterChain.java:149)
	at org.apache.catalina.core.StandardWrapperValve.invoke(StandardWrapperValve.java:166)
	at org.apache.catalina.core.StandardContextValve.invoke(StandardContextValve.java:90)
	at org.apache.catalina.authenticator.AuthenticatorBase.invoke(AuthenticatorBase.java:482)
	at org.apache.catalina.core.StandardHostValve.invoke(StandardHostValve.java:115)
	at org.apache.catalina.valves.ErrorReportValve.invoke(ErrorReportValve.java:93)
	at org.apache.catalina.core.StandardEngineValve.invoke(StandardEngineValve.java:74)
	at org.apache.catalina.connector.CoyoteAdapter.service(CoyoteAdapter.java:341)
	at org.apache.coyote.http11.Http11Processor.service(Http11Processor.java:391)
	at org.apache.coyote.AbstractProcessorLight.process(AbstractProcessorLight.java:63)
	at org.apache.coyote.AbstractProtocol$ConnectionHandler.process(AbstractProtocol.java:894)
	at org.apache.tomcat.util.net.NioEndpoint$SocketProcessor.doRun(NioEndpoint.java:1740)
	at org.apache.tomcat.util.net.SocketProcessorBase.run(SocketProcessorBase.java:52)
	at org.apache.tomcat.util.threads.ThreadPoolExecutor.runWorker(ThreadPoolExecutor.java:1191)
	at org.apache.tomcat.util.threads.ThreadPoolExecutor$Worker.run(ThreadPoolExecutor.java:659)
	at org.apache.tomcat.util.threads.TaskThread$WrappingRunnable.run(TaskThread.java:61)
	at java.base/java.lang.Thread.run(Thread.java:842)
Caused by: java.lang.NumberFormatException: For input string: "candidate_sequence"
	at java.base/java.lang.NumberFormatException.forInputString(NumberFormatException.java:67)
	at java.base/java.lang.Long.parseLong(Long.java:711)
	at java.base/java.lang.Long.valueOf(Long.java:1163)
	at org.springframework.util.NumberUtils.parseNumber(NumberUtils.java:206)
	at org.springframework.core.convert.support.StringToNumberConverterFactory$StringToNumber.convert(StringToNumberConverterFactory.java:64)
	at org.springframework.core.convert.support.StringToNumberConverterFactory$StringToNumber.convert(StringToNumberConverterFactory.java:50)
	at org.springframework.core.convert.support.GenericConversionService$ConverterFactoryAdapter.convert(GenericConversionService.java:437)
	at org.springframework.core.convert.support.ConversionUtils.invokeConverter(ConversionUtils.java:41)
	... 75 common frames omitted
2025-03-03 19:40:58,692 INFO o.s.b.a.SpringApplicationAdminMXBeanRegistrar$SpringApplicationAdmin [RMI TCP Connection(26)-127.0.0.1] Application shutdown requested.
2025-03-03 19:40:58,708 INFO o.a.j.l.DirectJDKLog [RMI TCP Connection(26)-127.0.0.1] Pausing ProtocolHandler ["http-nio-8080"]
2025-03-03 19:40:58,708 INFO o.a.j.l.DirectJDKLog [RMI TCP Connection(26)-127.0.0.1] Stopping service [Tomcat]
2025-03-03 19:40:58,709 INFO o.a.j.l.DirectJDKLog [RMI TCP Connection(26)-127.0.0.1] Destroying Spring FrameworkServlet 'dispatcherServlet'
2025-03-03 19:40:58,714 INFO o.a.j.l.DirectJDKLog [RMI TCP Connection(26)-127.0.0.1] Stopping ProtocolHandler ["http-nio-8080"]
2025-03-03 19:40:58,717 INFO o.a.j.l.DirectJDKLog [RMI TCP Connection(26)-127.0.0.1] Destroying ProtocolHandler ["http-nio-8080"]
2025-03-03 19:41:07,790 INFO o.h.v.i.u.Version [background-preinit] HV000001: Hibernate Validator 8.0.1.Final
2025-03-03 19:41:07,832 INFO o.s.b.StartupInfoLogger [main] Starting CandidateServiceApplication using Java 17.0.12 with PID 13200 (C:\XseedAi\CandidateService\target\classes started by Pushkar Latkar in C:\XseedAi\CandidateService)
2025-03-03 19:41:07,832 DEBUG o.s.b.StartupInfoLogger [main] Running with Spring Boot v3.1.3, Spring v6.0.11
2025-03-03 19:41:07,833 INFO o.s.b.SpringApplication [main] The following 1 profile is active: "dev"
2025-03-03 19:41:08,345 INFO o.s.d.r.c.RepositoryConfigurationDelegate [main] Bootstrapping Spring Data MongoDB repositories in DEFAULT mode.
2025-03-03 19:41:08,409 INFO o.s.d.r.c.RepositoryConfigurationDelegate [main] Finished Spring Data repository scanning in 58 ms. Found 5 MongoDB repository interfaces.
2025-03-03 19:41:08,733 INFO o.s.b.w.e.t.TomcatWebServer [main] Tomcat initialized with port(s): 8080 (http)
2025-03-03 19:41:08,740 INFO o.a.j.l.DirectJDKLog [main] Initializing ProtocolHandler ["http-nio-8080"]
2025-03-03 19:41:08,742 INFO o.a.j.l.DirectJDKLog [main] Starting service [Tomcat]
2025-03-03 19:41:08,743 INFO o.a.j.l.DirectJDKLog [main] Starting Servlet engine: [Apache Tomcat/10.1.12]
2025-03-03 19:41:08,827 INFO o.a.j.l.DirectJDKLog [main] Initializing Spring embedded WebApplicationContext
2025-03-03 19:41:08,828 INFO o.s.b.w.s.c.ServletWebServerApplicationContext [main] Root WebApplicationContext: initialization completed in 947 ms
2025-03-03 19:41:08,984 INFO c.m.i.d.l.SLF4JLogger [main] MongoClient with metadata {"driver": {"name": "mongo-java-driver|sync|spring-boot", "version": "4.9.1"}, "os": {"type": "Windows", "name": "Windows 11", "architecture": "amd64", "version": "10.0"}, "platform": "Java/Oracle Corporation/17.0.12+8-LTS-286"} created with settings MongoClientSettings{readPreference=primary, writeConcern=WriteConcern{w=null, wTimeout=null ms, journal=null}, retryWrites=true, retryReads=true, readConcern=ReadConcern{level=null}, credential=null, streamFactoryFactory=null, commandListeners=[], codecRegistry=ProvidersCodecRegistry{codecProviders=[ValueCodecProvider{}, BsonValueCodecProvider{}, DBRefCodecProvider{}, DBObjectCodecProvider{}, DocumentCodecProvider{}, CollectionCodecProvider{}, IterableCodecProvider{}, MapCodecProvider{}, GeoJsonCodecProvider{}, GridFSFileCodecProvider{}, Jsr310CodecProvider{}, JsonObjectCodecProvider{}, BsonCodecProvider{}, EnumCodecProvider{}, com.mongodb.client.model.mql.ExpressionCodecProvider@47acd13b, com.mongodb.Jep395RecordCodecProvider@6f8e9d06]}, loggerSettings=LoggerSettings{maxDocumentLength=1000}, clusterSettings={hosts=[localhost:27017], srvServiceName=mongodb, mode=SINGLE, requiredClusterType=UNKNOWN, requiredReplicaSetName='null', serverSelector='null', clusterListeners='[]', serverSelectionTimeout='30000 ms', localThreshold='30000 ms'}, socketSettings=SocketSettings{connectTimeoutMS=10000, readTimeoutMS=0, receiveBufferSize=0, sendBufferSize=0}, heartbeatSocketSettings=SocketSettings{connectTimeoutMS=10000, readTimeoutMS=10000, receiveBufferSize=0, sendBufferSize=0}, connectionPoolSettings=ConnectionPoolSettings{maxSize=100, minSize=0, maxWaitTimeMS=120000, maxConnectionLifeTimeMS=0, maxConnectionIdleTimeMS=0, maintenanceInitialDelayMS=0, maintenanceFrequencyMS=60000, connectionPoolListeners=[], maxConnecting=2}, serverSettings=ServerSettings{heartbeatFrequencyMS=10000, minHeartbeatFrequencyMS=500, serverListeners='[]', serverMonitorListeners='[]'}, sslSettings=SslSettings{enabled=false, invalidHostNameAllowed=false, context=null}, applicationName='null', compressorList=[], uuidRepresentation=JAVA_LEGACY, serverApi=null, autoEncryptionSettings=null, contextProvider=null}
2025-03-03 19:41:08,999 INFO c.m.i.d.l.SLF4JLogger [cluster-ClusterId{value='67c5b87cf27aac45f94e18c3', description='null'}-localhost:27017] Monitor thread successfully connected to server with description ServerDescription{address=localhost:27017, type=STANDALONE, state=CONNECTED, ok=true, minWireVersion=0, maxWireVersion=25, maxDocumentSize=16777216, logicalSessionTimeoutMinutes=30, roundTripTimeNanos=19026300}
2025-03-03 19:41:09,518 INFO o.a.j.l.DirectJDKLog [main] Starting ProtocolHandler ["http-nio-8080"]
2025-03-03 19:41:09,538 INFO o.s.b.w.e.t.TomcatWebServer [main] Tomcat started on port(s): 8080 (http) with context path ''
2025-03-03 19:41:09,546 INFO o.s.b.StartupInfoLogger [main] Started CandidateServiceApplication in 2.115 seconds (process running for 2.58)
2025-03-03 19:41:13,909 INFO o.a.j.l.DirectJDKLog [http-nio-8080-exec-2] Initializing Spring DispatcherServlet 'dispatcherServlet'
2025-03-03 19:41:13,909 INFO o.s.w.s.FrameworkServlet [http-nio-8080-exec-2] Initializing Servlet 'dispatcherServlet'
2025-03-03 19:41:13,910 INFO o.s.w.s.FrameworkServlet [http-nio-8080-exec-2] Completed initialization in 1 ms
2025-03-03 19:41:14,000 INFO c.t.c.c.CandidateController [http-nio-8080-exec-2] Inside Candidate Controller
2025-03-03 19:41:14,000 INFO c.t.c.c.CandidateController [http-nio-8080-exec-2] Inside registerCandidate API
2025-03-03 19:41:14,000 INFO c.t.c.s.CandidateServiceImpl [http-nio-8080-exec-2] Inside registerCandidate()
2025-03-03 19:41:14,001 INFO c.t.c.s.CandidateServiceImpl [http-nio-8080-exec-2] Registering the Candidate :Pushkar Latkar
2025-03-03 19:41:26,419 INFO c.t.c.c.CandidateController [http-nio-8080-exec-5] Inside Candidate Controller
2025-03-03 19:41:26,420 INFO c.t.c.c.CandidateController [http-nio-8080-exec-5] Inside registerCandidate API
2025-03-03 19:41:26,420 INFO c.t.c.s.CandidateServiceImpl [http-nio-8080-exec-5] Inside registerCandidate()
2025-03-03 19:41:26,420 INFO c.t.c.s.CandidateServiceImpl [http-nio-8080-exec-5] Registering the Candidate :Pushkar Latkar
2025-03-03 19:42:56,008 INFO c.t.c.c.CandidateController [http-nio-8080-exec-7] Inside Candidate Controller
2025-03-03 19:42:56,010 INFO c.t.c.c.CandidateController [http-nio-8080-exec-7] Inside registerCandidate API
2025-03-03 19:42:56,010 INFO c.t.c.s.CandidateServiceImpl [http-nio-8080-exec-7] Inside registerCandidate()
2025-03-03 19:42:56,010 INFO c.t.c.s.CandidateServiceImpl [http-nio-8080-exec-7] Registering the Candidate :Pushkar Latkar
2025-03-03 19:43:32,535 INFO c.t.c.c.CandidateController [http-nio-8080-exec-8] Inside Candidate Controller
2025-03-03 19:43:32,536 INFO c.t.c.c.CandidateController [http-nio-8080-exec-8] Inside getAllCandidates API
2025-03-03 19:43:32,536 INFO c.t.c.s.CandidateServiceImpl [http-nio-8080-exec-8] Inside getAllCandidates()
2025-03-03 19:43:32,536 INFO c.t.c.s.CandidateServiceImpl [http-nio-8080-exec-8] Fetching candidate list...
2025-03-03 20:02:29,849 INFO c.t.c.c.CandidateController [http-nio-8080-exec-1] Inside Candidate Controller
2025-03-03 20:02:29,850 INFO c.t.c.c.CandidateController [http-nio-8080-exec-1] Inside getCandidateDetails API
2025-03-03 20:02:29,850 INFO c.t.c.s.CandidateServiceImpl [http-nio-8080-exec-1] Inside getCandidateDetails()
2025-03-03 20:02:29,851 INFO c.t.c.s.CandidateServiceImpl [http-nio-8080-exec-1] Fetching candidate for Id{}:4
2025-03-03 20:13:06,607 INFO o.s.b.a.SpringApplicationAdminMXBeanRegistrar$SpringApplicationAdmin [RMI TCP Connection(36)-127.0.0.1] Application shutdown requested.
2025-03-03 20:13:06,645 INFO o.a.j.l.DirectJDKLog [RMI TCP Connection(36)-127.0.0.1] Pausing ProtocolHandler ["http-nio-8080"]
2025-03-03 20:13:06,646 INFO o.a.j.l.DirectJDKLog [RMI TCP Connection(36)-127.0.0.1] Stopping service [Tomcat]
2025-03-03 20:13:06,648 INFO o.a.j.l.DirectJDKLog [RMI TCP Connection(36)-127.0.0.1] Destroying Spring FrameworkServlet 'dispatcherServlet'
2025-03-03 20:13:06,659 INFO o.a.j.l.DirectJDKLog [RMI TCP Connection(36)-127.0.0.1] Stopping ProtocolHandler ["http-nio-8080"]
2025-03-03 20:13:06,665 INFO o.a.j.l.DirectJDKLog [RMI TCP Connection(36)-127.0.0.1] Destroying ProtocolHandler ["http-nio-8080"]
